23/Jun/2024 12:27:49  *** Warning ***
                      
                      This software is licensed for personal and educational purposes only.
                      
                      ------------------------------------------------------------------------------
23/Jun/2024 12:27:49  The following farfield monitor(s) have been adjusted to model box [-50.7247,
                      50.7247, -30.7247, 30.7247, -0.741769, 2.26177].
                        farfield (f=3.5). More...
                      
                      ------------------------------------------------------------------------------
23/Jun/2024 12:27:50  
                      Solver started at: 12:27 PM Sunday, 23. June 2024 (Jerusalem Daylight Time)
                      
                        Module:  Time Domain: S-Parameter (Win 64)
                        Version: 2022.4 Release from 2022-04-26 (change 967892)
                      

                      ------------------------------------------------------------------------------

                      ------------------------------------------------------------------------------
23/Jun/2024 12:27:50  ======================================================================
                       Solver cycle: 1
                      ======================================================================
                      
                      Stimulation at discrete port 1 
                      
                      
                      
                      ------------------------------------------------------------------------------
23/Jun/2024 12:27:50  Units settings: 
                      
                        Dimensions: mm
                        Frequency:  GHz
                        Time:       ns
                      
                      ------------------------------------------------------------------------------
23/Jun/2024 12:27:50  The dispersive material update [Automatic] will be performed using the "Standard" update schema
                      
                      ------------------------------------------------------------------------------
23/Jun/2024 12:28:23  The following discrete edge port is connected to metal material:
                      	1
                      
                      ------------------------------------------------------------------------------
23/Jun/2024 12:28:24  Mesh statistics:
                      
                         Hexahedral mesh type: PERFECT BOUNDARY APPROXIMATION (PBA) (R)
                            Version: default
                      
                         Parallelization type: domain decomposition
                            Number of parallel working threads: 2
                            Number of calculation domains used: 4
                      
                         Used point accuracy enhancement value: 62.00%.
                         Acceleration mode: CPU
                         PBA fill limit: 98.81% (inverse)

23/Jun/2024 12:28:32  Boundary conditions: 
                      
                        YZsymmetry: none
                        XZsymmetry: none
                        XYsymmetry: none
                      
                        Xmin: expanded open, 4 Layer, depth 15.8464 mm
                        Xmax: expanded open, 4 Layer, depth 15.8464 mm
                      
                        Ymin: expanded open, 4 Layer, depth 15.8464 mm
                        Ymax: expanded open, 4 Layer, depth 15.8464 mm
                      
                        Zmin: expanded open, 4 Layer, depth 15.7709 mm
                        Zmax: expanded open, 4 Layer, depth 15.7709 mm
                      
                        PML-Type: Convolution PML
                      
                      ------------------------------------------------------------------------------
23/Jun/2024 12:28:32  Frequency settings: 
                      
                        Fmin:         3
                        Fmax:         4
                        Nfsteps(lin): 1001
                      
                      ------------------------------------------------------------------------------
23/Jun/2024 12:28:33  Field update statistics:
                      
                        Number of components in total: 	607937
                        Number of lossy metal components:	14132
                        Number of disp. elements:		27175
                      
                      Subcycling state:      Automatically deactivated
                      
                      ------------------------------------------------------------------------------
23/Jun/2024 12:28:33  Port: 1
                      
23/Jun/2024 12:28:33    Discrete element, reference impedance = 50 Ohm
                      
                      ------------------------------------------------------------------------------
23/Jun/2024 12:30:18  
                      --------------------------------------------------------------------------------
23/Jun/2024 12:30:18  Steady state energy criterion met, solver finished successfully.
                      
                      ------------------------------------------------------------------------------
23/Jun/2024 12:30:18  Frequency domain results normalized to default signal.
                      
                      
                      ------------------------------------------------------------------------------
23/Jun/2024 12:30:18  
                        ----------------------------------------------------------------------------
                                            Peak memory used (kB)         Free physical memory (kB) 
                                                                          At begin     Minimum      
                        ----------------------------------------------------------------------------
                        CAD preparation     42912                         655812       655812       
                        Matrices calc.      130432                        640625       531250       
                        Solver run total    137308                        691272       531344       
                        ----------------------------------------------------------------------------
                      
                      --------------------------------------------------------------------------------
                      Solver Statistics:
                      
                        Hardware:
                           Computer name:                 	MAZZSHAIKH07BA 
                      
                           Number of CPU threads:               4
                           Hardware info:                  	Hardware Accelerator Device not activated
                      
                        Number of mesh cells:             	97356
                        Excitation duration:              	7.10909750e+000 ns 
                        Calculation time for excitation:  	0 	s
                        Number of calculated pulse widths:	1.95224 
                        Steady state accuracy limit:      	-40	dB 
                        Simulated number of time steps:   	12264 
                        Maximum number of time steps:     	125640 
                        Time step width:
                           without subcycles:             	1.131660007e-003 ns
                           used:                          	1.131660007e-003 ns
                      
                        CAD preparation time:             	1      	s
                        Matrix calculation time:          	33 	s
                        Solver setup time:                	15 	s
                        Solver loop time:                 	94 	s
                        Solver post-processing time:      	3 	s
                                                          	------------
                        Total solver time:                	146 	s  ( = 0 h, 2 m, 26 s )
                      
                      ------------------------------------------------------------------------------
23/Jun/2024 12:30:19  
                        Adaptive port meshing time:          	0      	s
                        Total solver time (all cycles):      	146    	s  ( = 0 h, 2 m, 26 s )
                        Solver initialization and clean-up:  	3      	s
                                                             	------------
                        Total simulation time:               	149    	s  ( = 0 h, 2 m, 29 s )
                      
                      ------------------------------------------------------------------------------
23/Jun/2024 12:30:19  Solver finished at: 12:30 PM Sunday, 23. June 2024
                      
                      
                      
                      ------------------------------------------------------------------------------
23/Jun/2024 12:30:25  Creating parametric 1D results for Run ID 1
                      
                      ------------------------------------------------------------------------------
