Unknown:
C:\VCO-transmitter\Antenna\coupled\coupled_antenna\Result\farfield (f=2)_1.fme
C:\VCO-transmitter\Antenna\coupled\coupled_antenna\Result\farfield (f=3.5)_1.fme
C:\VCO-transmitter\Antenna\coupled\coupled_antenna\Result\farfield (f=5.75)_1.fme
C:\VCO-transmitter\Antenna\coupled\coupled_antenna\Result\hardware_resources.sconf
C:\VCO-transmitter\Antenna\coupled\coupled_antenna\Result\Hex.gap
C:\VCO-transmitter\Antenna\coupled\coupled_antenna\Result\MCalc.ddi
C:\VCO-transmitter\Antenna\coupled\coupled_antenna\Result\MCalc.log
C:\VCO-transmitter\Antenna\coupled\coupled_antenna\Result\ml_info.log
C:\VCO-transmitter\Antenna\coupled\coupled_antenna\Result\Model.axg
C:\VCO-transmitter\Antenna\coupled\coupled_antenna\Result\Model.coco
C:\VCO-transmitter\Antenna\coupled\coupled_antenna\Result\Model.ddi
C:\VCO-transmitter\Antenna\coupled\coupled_antenna\Result\Model.log
C:\VCO-transmitter\Antenna\coupled\coupled_antenna\Result\Model.sa
C:\VCO-transmitter\Antenna\coupled\coupled_antenna\Result\Model.sam
C:\VCO-transmitter\Antenna\coupled\coupled_antenna\Result\ModelPBA.axg
C:\VCO-transmitter\Antenna\coupled\coupled_antenna\Result\Model_m1.sam
C:\VCO-transmitter\Antenna\coupled\coupled_antenna\Result\m^fifx.dsc
C:\VCO-transmitter\Antenna\coupled\coupled_antenna\Result\m^fqq.dsc
C:\VCO-transmitter\Antenna\coupled\coupled_antenna\Result\Ports.web
C:\VCO-transmitter\Antenna\coupled\coupled_antenna\Result\PP-MCalc.log
C:\VCO-transmitter\Antenna\coupled\coupled_antenna\Result\PP-Prio.log
C:\VCO-transmitter\Antenna\coupled\coupled_antenna\Result\p^a.dsc
C:\VCO-transmitter\Antenna\coupled\coupled_antenna\Result\P^m^fbqq.slog
C:\VCO-transmitter\Antenna\coupled\coupled_antenna\Result\P^m^fqq.slog
C:\VCO-transmitter\Antenna\coupled\coupled_antenna\Result\P^p^m.slog
C:\VCO-transmitter\Antenna\coupled\coupled_antenna\Result\P^s^pm.slog
C:\VCO-transmitter\Antenna\coupled\coupled_antenna\Result\WEP.log
Mesh:
C:\VCO-transmitter\Antenna\coupled\coupled_antenna\Result\dA.mat
C:\VCO-transmitter\Antenna\coupled\coupled_antenna\Result\dad.mat
C:\VCO-transmitter\Antenna\coupled\coupled_antenna\Result\ds.mat
C:\VCO-transmitter\Antenna\coupled\coupled_antenna\Result\dsd.mat
C:\VCO-transmitter\Antenna\coupled\coupled_antenna\Result\dsMCalc.mat
C:\VCO-transmitter\Antenna\coupled\coupled_antenna\Result\Eps.mat
C:\VCO-transmitter\Antenna\coupled\coupled_antenna\Result\HexMatrix.m2h
C:\VCO-transmitter\Antenna\coupled\coupled_antenna\Result\HexMatrix_MCalc.m2h
C:\VCO-transmitter\Antenna\coupled\coupled_antenna\Result\Kappa.mat
C:\VCO-transmitter\Antenna\coupled\coupled_antenna\Result\MCalc.fmp
C:\VCO-transmitter\Antenna\coupled\coupled_antenna\Result\MCalc.xcfd
C:\VCO-transmitter\Antenna\coupled\coupled_antenna\Result\MCalcCCS_c.mson
C:\VCO-transmitter\Antenna\coupled\coupled_antenna\Result\Meta.m2h
C:\VCO-transmitter\Antenna\coupled\coupled_antenna\Result\Meta.mat
C:\VCO-transmitter\Antenna\coupled\coupled_antenna\Result\Model-fmf.msqlite
C:\VCO-transmitter\Antenna\coupled\coupled_antenna\Result\Model.cct
C:\VCO-transmitter\Antenna\coupled\coupled_antenna\Result\Model.fmf
C:\VCO-transmitter\Antenna\coupled\coupled_antenna\Result\Model.fmm
C:\VCO-transmitter\Antenna\coupled\coupled_antenna\Result\Model.fpc
C:\VCO-transmitter\Antenna\coupled\coupled_antenna\Result\Model.fwf
C:\VCO-transmitter\Antenna\coupled\coupled_antenna\Result\Model.sic
C:\VCO-transmitter\Antenna\coupled\coupled_antenna\Result\Model.sid
C:\VCO-transmitter\Antenna\coupled\coupled_antenna\Result\Model.spi
C:\VCO-transmitter\Antenna\coupled\coupled_antenna\Result\Model.xcfd
C:\VCO-transmitter\Antenna\coupled\coupled_antenna\Result\Mue.mat
C:\VCO-transmitter\Antenna\coupled\coupled_antenna\Result\m^fqq.mem
C:\VCO-transmitter\Antenna\coupled\coupled_antenna\Result\PEC.mat
C:\VCO-transmitter\Antenna\coupled\coupled_antenna\Result\Ports.fpt
C:\VCO-transmitter\Antenna\coupled\coupled_antenna\Result\p^a.mem
C:\VCO-transmitter\Antenna\coupled\coupled_antenna\Result\p^m.mem
C:\VCO-transmitter\Antenna\coupled\coupled_antenna\Result\Rho.mat
C:\VCO-transmitter\Antenna\coupled\coupled_antenna\Result\S2HMatrix.m2h
C:\VCO-transmitter\Antenna\coupled\coupled_antenna\Result\Shapes.con
C:\VCO-transmitter\Antenna\coupled\coupled_antenna\Result\s^pm.mem
Port:
C:\VCO-transmitter\Antenna\coupled\coupled_antenna\Result\Model.pmi
