Frontend-Node:  =======================================================================
                FPBA has been activated in order to calculate connectivity information.
                =======================================================================

>>>>>>>>>>>>>>>>>>>>>>>>>>>>>>>>
2024 Jun 08 (Sat):  18:46:12
started: parallelization control
>>>>>>>>>>>>>>>>>>>>>>>>>>>>>>>>

==========================================================================
 - pinning rule in use   : PINNING_RULE_MCALC_SKIP_ALL
 - desired group         : 0, sockets = 0
 - num cores available   : 4
 - num accessible procs          : 4
 - num logical procs             : 4
 - affinity (main thread)        : 1111
 - sockets                       : 0
 - potential cores               : 0,1,2,3
 - affinity                      : 1111
 - core list                  (3): 0,1,2,3
 - active cores          : 0,1,2,3
 - skip pinning: + allowed number of sockets = available number of sockets
                 + hyperthreading off
==========================================================================

=========================================================================
Version: 2022.4 Release from 2022-04-26 (change 967892) [Release]
Workflow: QQ-Facets
Operation: [acis, fpba, bg]
Architecture: Windows, ID: AMD64
System Windows-64bit
Using processor group 0/1
HEX Mesh information:
Hex mesh: global: [hxr o(0 | 0 | 0) s(83 | 61 | 18) np (no TSTs): 91134] 
=========================================================================

>>>>>>>>>>>>>>>>>>>>>>>>>>>>>
2024 Jun 08 (Sat):  18:46:13
started: processing CAD model
>>>>>>>>>>>>>>>>>>>>>>>>>>>>>

========================================================================
Processing CAD model (for field results)
	[Improved internal geometry representation]
	[Accuracy improvement for long shapes in inhomogeneous mesh regions]
Version 2022.4 (build 20220426)
PBA version 2022042622
Sub-Workflow: Facets-QQ-GEX
Workflow updated: -
2024 Jun 08 (Sat):  18:46:13
========================================================================

===========================================
Finished CAD processing (for field results)
===========================================

<<<<<<<<<<<<<<<<<<<<<<<<<<<<<<<<<<<<<<<<<<
2024 Jun 08 (Sat):  18:46:14
Resource usage for processing CAD model:
	Runtime                 00:00:01.00228
	Peak Memory Usage:               43 MB
<<<<<<<<<<<<<<<<<<<<<<<<<<<<<<<<<<<<<<<<<<

>>>>>>>>>>>>>>>>>>>>>>>>>>>>>
2024 Jun 08 (Sat):  18:46:14
started: processing CAD model
>>>>>>>>>>>>>>>>>>>>>>>>>>>>>

========================================================================
Processing CAD model
	[Improved internal geometry representation]
	[Accuracy improvement for long shapes in inhomogeneous mesh regions]
Version 2022.4 (build 20220426)
PBA version 2022042622
Sub-Workflow: Facets-QQ-GEX
Workflow updated: -
2024 Jun 08 (Sat):  18:46:14
========================================================================

----------------------------------------------
Used point accuracy enhancement value: 67.00%.
----------------------------------------------

=============================================================================
Mesh statistics:
-----------------------------------------------------------------------------
Minimum edge length (x): 0.5 @ mesh line 40 (x)
Maximum edge length (x): 3.97 @ mesh line 81 (x)
Minimum face area (x): 0.259 @ mesh lines 20 | 8 (y | z)
Maximum face area (x): 15.8 @ mesh lines 59 | 16 (y | z)
Minimum edge length (y): 0.5 @ mesh line 20 (y)
Maximum edge length (y): 3.97 @ mesh line 59 (y)
Minimum face area (y): 0.259 @ mesh lines 8 | 40 (z | x)
Maximum face area (y): 15.8 @ mesh lines 16 | 81 (z | x)
Minimum edge length (z): 0.518 @ mesh line 8 (z)
Maximum edge length (z): 3.99 @ mesh line 16 (z)
Minimum face area (z): 0.25 @ mesh lines 40 | 20 (x | y)
Maximum face area (z): 15.7 @ mesh lines 81 | 59 (x | y)
Maximum mesh face aspect ratio (x): 7.98 : 1.0  @ mesh lines 20 | 16 (y | z)
Maximum mesh face aspect ratio (y): 7.98 : 1.0  @ mesh lines 16 | 40 (z | x)
Maximum mesh face aspect ratio (z): 7.94 : 1.0  @ mesh lines 81 | 20 (x | y)
=============================================================================

=============================================================================
Available resources to store TST cells: 2147392513 (2356302.27% of mesh size)
=============================================================================

************************************************************************************************
General settings
	PBA version: default
------------------------------------------------------------------------------------------------
Geometry processor: default
	Geo accuracy: 67.000000
	Watertightness check: true
	Self intersection check: false
	Inheritance (all): false
	Normal dominance (all): false
	Normal dominance (ports): false
	Flanges hollow: true
	One shape per flange: false
	Multi threading: true
		max # of threads used: 4
		requested max # of threads: 4
		representation: indexed
		method: multi thread
		retry: no
------------------------------------------------------------------------------------------------
Connectivity settings
	Workflow selection: 0
	Workflow version: 20190101
	Gap detection: true
	Gap detection version: 2
	TST version: 2
	QQ workflow: true
	CoCo workflow: true
	Legacy topology: false
	Connectivity check: true
------------------------------------------------------------------------------------------------
************************************************************************************************

------------------------------------------------------------------------------------------------
Geometry processing log
	PEC background is represented by CAD geometry: false
	Background shape: used
	Multithread portion: 100.00
	Number of CAD shapes: 5
	Number of lumps: 0
------------------------------------------------------------------------------------------------
===================================================================================================
== CST Matrix Calculation Priority Log
===================================================================================================
 
Priorities are sorted in ascending order beginning with the lowest priority
 
Priority-group: 1, shape 8: </cst/Boundaries/> Low^X,   material: $NFSMaterial$,  user-priority: 0.000000,   material-attributes: normal.vacuum,  shape-attributes: boundary,    scheme type:FIT_TD
Priority-group: 1, shape 9: </cst/Boundaries/> Low^Y,   material: $NFSMaterial$,  user-priority: 0.000000,   material-attributes: normal.vacuum,  shape-attributes: boundary,    scheme type:FIT_TD
Priority-group: 1, shape 10: </cst/Boundaries/> Low^Z,   material: $NFSMaterial$,  user-priority: 0.000000,   material-attributes: normal.vacuum,  shape-attributes: boundary,    scheme type:FIT_TD
Priority-group: 1, shape 11: </cst/Boundaries/> Up^X,    material: $NFSMaterial$,  user-priority: 0.000000,   material-attributes: normal.vacuum,  shape-attributes: boundary,    scheme type:FIT_TD
Priority-group: 1, shape 12: </cst/Boundaries/> Up^Y,    material: $NFSMaterial$,  user-priority: 0.000000,   material-attributes: normal.vacuum,  shape-attributes: boundary,    scheme type:FIT_TD
Priority-group: 1, shape 13: </cst/Boundaries/> Up^Z,    material: $NFSMaterial$,  user-priority: 0.000000,   material-attributes: normal.vacuum,  shape-attributes: boundary,    scheme type:FIT_TD
Priority-group: 2, shape 6: </cst/Ports/> 1^t0, material: Copper (pure),  user-priority: 0.000000,   material-attributes: pec.rho.surface-impedance,  shape-attributes: edge-element.wire,   scheme type:FIT_TD
Priority-group: 2, shape 7: </cst/Ports/> 1^t1, material: Copper (pure),  user-priority: 0.000000,   material-attributes: pec.rho.surface-impedance,  shape-attributes: edge-element.wire,   scheme type:FIT_TD
Priority-group: 3, shape 5: component1:substrate,   material: Rogers RO4350B (lossy), user-priority: 0.000000,   2D/3D-geometry: true, material-attributes: dispersive-mue.normal,  shape-attributes: solid,   scheme type:FIT_TD
Priority-group: 4, shape 1: component1:feed,    material: Copper (pure),  user-priority: 0.000000,   2D/3D-geometry: true, material-attributes: pec.rho.surface-impedance,  shape-attributes: solid,   scheme type:FIT_TD
Priority-group: 4, shape 2: component1:ground,  material: Copper (pure),  user-priority: 0.000000,   2D/3D-geometry: true, material-attributes: pec.rho.surface-impedance,  shape-attributes: solid,   scheme type:FIT_TD
Priority-group: 4, shape 3: component1:patch,   material: Copper (pure),  user-priority: 0.000000,   2D/3D-geometry: true, material-attributes: pec.rho.surface-impedance,  shape-attributes: solid,   scheme type:FIT_TD
Priority-group: 4, shape 4: component1:short,   material: Copper (pure),  user-priority: 0.000000,   2D/3D-geometry: true, material-attributes: pec.rho.surface-impedance,  shape-attributes: solid,   scheme type:FIT_TD
 
===================================================================================================
 
=======================
Finished CAD processing
=======================

<<<<<<<<<<<<<<<<<<<<<<<<<<<<<<<<<<<<<<<<<<
2024 Jun 08 (Sat):  18:46:14
Resource usage for processing CAD model:
	Runtime                 00:00:00.00332
	Peak Memory Usage:               43 MB
<<<<<<<<<<<<<<<<<<<<<<<<<<<<<<<<<<<<<<<<<<

------------------------------------------------------------
Parallelization Info
------------------------------------------------------------
Hyperthreading active: false
Hyperthreading used: false
Number of concurrent threads: 2
Number of node domains: 2
Domains-to-threads scaling: 2
Average FI domain size: 1e+04
Nice mode: true
Delayed matrix calculation start: false
Load balancing: Version 20090403
Number of mesh fill domains: 8
Memory downscale: 1
CPU load: 50.00%
Emptiness: 0.00%
Hex mesh complexity: 0.08364
Geometric complexity: 0.00608
lower size limit of domain (1D): 60
------------------------------------------------------------
Node order
1, 0
------------------------------------------------------------

-------------------------------------------------------------------
Matrix calculation job submit section 0
Currently running jobs: 0
Waiting jobs: 2
Concurrency for section: 2/2
Matrix calculation node 1
	Mesh coverage: 4386000.00 %
	Estimated peak memory usage per node: 63 MB, tightness: 11.92 %
	Processor group: 0
Matrix calculation node 0
	Mesh coverage: 4080000.00 %
	Estimated peak memory usage per node: 61 MB, tightness: 11.52 %
	Processor group: 0
-------------------------------------------------------------------

-----------------------------------
Mesh: # of points excl. TSTs: 91134
      # of points incl. TSTs: 91134
-----------------------------------

===========================================
Data rearrangement statistics:
Disk IO directories:	00:00:00.0005
Disk IO node domain files:	00:00:00.0141
Disk IO FI domain files:	00:00:00.0000
Disk IO meta information:	00:00:00.0027
Sequential merge (TST):	00:00:00.0000
===========================================

1xN000:  ==========================================================================
          - pinning rule in use   : PINNING_RULE_MCALC_SKIP_ALL
          - desired group         : 0, sockets = 0
          - num cores available   : 4
          - num accessible procs          : 4
          - num logical procs             : 4
          - affinity (main thread)        : 1111
          - sockets                       : 0
          - potential cores               : 0,1,2,3
          - affinity                      : 1111
          - core list                  (3): 0,1,2,3
          - active cores          : 0,1,2,3
          - skip pinning: + allowed number of sockets = available number of sockets
                          + hyperthreading off
         ==========================================================================

1xN000:  ===================================================================================================
         Version: 2022.4 Release from 2022-04-26 (change 967892) [Release]
         Workflow: PBA matrix coefficients
         Operation: [fpba, meshfill, bg, port-path, tst, tst-nextgen, coeff, surface-imp, connectivity-tree]
         Architecture: Windows, ID: AMD64
         System Windows-64bit
         Using processor group 0/1
         HEX Mesh information:
         Hex mesh: node: [hxr o(0 | 0 | 0) s(41 | 61 | 18) np (no TSTs): 45018]
         Hex mesh: extended: [hxr o(0 | 0 | 0) s(43 | 61 | 18) np (no TSTs): 47214]
         ===================================================================================================

1xN000:  ------------------------------------------------------
         Memory status  on node "1xN000" for matrix calculation
         	Estimated memory consumption: 0.0608373 GB
         	Physical memory installed: 4.2894 GB
         	Available physical memory: 0.485 GB
         	Available relative memory: 11.307%s
         ------------------------------------------------------

1xN000:  >>>>>>>>>>>>>>>>>>>>>>>>>>>>>>>>>>>>>>>>>>>>>>>>>
         2024 Jun 08 (Sat):  18:46:15
         started: calculating matrix coefficients per node
         >>>>>>>>>>>>>>>>>>>>>>>>>>>>>>>>>>>>>>>>>>>>>>>>>

1xN000:  ================================================================
         Matrix computation (PBA)
         	[PERFECT BOUNDARY APPROXIMATION (PBA) (R), version: default]
         	[GPU acceleration: off (by user)]
         Version 2022.4 (build 20220426)
         PBA version 2022042622
         Sub-Workflow: FARM-1xN-TST2-Node
         Workflow updated: -
         2024 Jun 08 (Sat):  18:46:15
         ================================================================

1xN000:  ----------------------------------------------
         Used point accuracy enhancement value: 67.00%.
         ----------------------------------------------

1xN000:  FARM allocation scheme: BBM
1xN000:  Gap-Detection activated for FARM-topology. Gaps are resolved, even partially.: gap tolerance value is 0.001000 and mesh geometry scale is 0.001000
1xN000:
1xN000:



1xN000:  ----------------------
         Acceleration mode: CPU
         ----------------------

1xN000:  Port homogenization method: M2H point index deviation
1xN000:  cccccccccccccccccccccccccccccccccccccccccccccccccccccccccccccccccccc
         FARM/Meshfill cache is set to 8 (local FI domains: 8, dynamic: true)
         cccccccccccccccccccccccccccccccccccccccccccccccccccccccccccccccccccc

1xN000:  =============================================================
         Hex cell analyzer settings:
         	max number of E fields per mesh edge: 2
         	max number of H fields per mesh face: 4
         	supporting dual grid: false
         	performance improvement: ROI limit: true
         	performance improvement: ROI threshold: 2
         	performance improvement: single topology extraction: true
         	performance improvement: pre-categorize cell volume: true
         	periodic align: 0
         	periodic cells: true
         	homogenization version: pid
         =============================================================

1xN000:  ssssssssssssssssssssssssssssssssssssssssss
         # of curls with SI accuracy enhancement: 0
         ssssssssssssssssssssssssssssssssssssssssss

1xN000:  ------------------------------------------------------------------------------
         PBA fill limit is applied in inverse mode.
         PBA fill limit is applied on faces filled with at least 99.00% metal material.
         --------------------------------------------------------------
         detailed accuracy settings:
         --------------------------------------------------------------
         augmented fill limit:       true
         augmented fill limit value: 99.00
         automatic fill limit:       true
         early fill limit:           true
         inverse fill limit:         true
         model complexity:           0.00
         legacy 2015:                false
         fixed point accuracy:       false
         minimum point accuracy:     0
         mesh step inheritance:      false
         accuracy mode:
         ------------------------------------------------------------------------------

1xN000:  =================================
         Finished matrix computation (PBA)
         =================================

1xN000:  <<<<<<<<<<<<<<<<<<<<<<<<<<<<<<<<<<<<<<<<<<<<<<<<<<<<<<<<<<<<
         2024 Jun 08 (Sat):  18:46:32
         Resource usage for calculating matrix coefficients per node:
         	Runtime                          00:00:16.00601
         	Peak Memory Estimation:                   61 MB
         	Peak Memory Usage:                        95 MB
         <<<<<<<<<<<<<<<<<<<<<<<<<<<<<<<<<<<<<<<<<<<<<<<<<<<<<<<<<<<<



1xN001:  ==========================================================================
          - pinning rule in use   : PINNING_RULE_MCALC_SKIP_ALL
          - desired group         : 0, sockets = 0
          - num cores available   : 4
          - num accessible procs          : 4
          - num logical procs             : 4
          - affinity (main thread)        : 1111
          - sockets                       : 0
          - potential cores               : 0,1,2,3
          - affinity                      : 1111
          - core list                  (3): 0,1,2,3
          - active cores          : 0,1,2,3
          - skip pinning: + allowed number of sockets = available number of sockets
                          + hyperthreading off
         ==========================================================================

1xN001:  ===================================================================================================
         Version: 2022.4 Release from 2022-04-26 (change 967892) [Release]
         Workflow: PBA matrix coefficients
         Operation: [fpba, meshfill, bg, port-path, tst, tst-nextgen, coeff, surface-imp, connectivity-tree]
         Architecture: Windows, ID: AMD64
         System Windows-64bit
         Using processor group 0/1
         HEX Mesh information:
         Hex mesh: node: [hxr o(39 | 0 | 0) s(44 | 61 | 18) np (no TSTs): 48312]
         Hex mesh: extended: [hxr o(37 | 0 | 0) s(46 | 61 | 18) np (no TSTs): 50508]
         ===================================================================================================

1xN001:  ------------------------------------------------------
         Memory status  on node "1xN001" for matrix calculation
         	Estimated memory consumption: 0.0629417 GB
         	Physical memory installed: 4.2894 GB
         	Available physical memory: 0.488 GB
         	Available relative memory: 11.3769%s
         ------------------------------------------------------

1xN001:  >>>>>>>>>>>>>>>>>>>>>>>>>>>>>>>>>>>>>>>>>>>>>>>>>
         2024 Jun 08 (Sat):  18:46:15
         started: calculating matrix coefficients per node
         >>>>>>>>>>>>>>>>>>>>>>>>>>>>>>>>>>>>>>>>>>>>>>>>>

1xN001:  ================================================================
         Matrix computation (PBA)
         	[PERFECT BOUNDARY APPROXIMATION (PBA) (R), version: default]
         	[GPU acceleration: off (by user)]
         Version 2022.4 (build 20220426)
         PBA version 2022042622
         Sub-Workflow: FARM-1xN-TST2-Node
         Workflow updated: -
         2024 Jun 08 (Sat):  18:46:15
         ================================================================

1xN001:  ----------------------------------------------
         Used point accuracy enhancement value: 67.00%.
         ----------------------------------------------

1xN001:  FARM allocation scheme: BBM
1xN001:  Gap-Detection activated for FARM-topology. Gaps are resolved, even partially.: gap tolerance value is 0.001000 and mesh geometry scale is 0.001000
1xN001:
1xN001:



1xN001:  ----------------------
         Acceleration mode: CPU
         ----------------------

1xN001:  Port homogenization method: M2H point index deviation
1xN001:  cccccccccccccccccccccccccccccccccccccccccccccccccccccccccccccccccccc
         FARM/Meshfill cache is set to 8 (local FI domains: 8, dynamic: true)
         cccccccccccccccccccccccccccccccccccccccccccccccccccccccccccccccccccc

1xN001:  =============================================================
         Hex cell analyzer settings:
         	max number of E fields per mesh edge: 2
         	max number of H fields per mesh face: 4
         	supporting dual grid: false
         	performance improvement: ROI limit: true
         	performance improvement: ROI threshold: 2
         	performance improvement: single topology extraction: true
         	performance improvement: pre-categorize cell volume: true
         	periodic align: 0
         	periodic cells: true
         	homogenization version: pid
         =============================================================

1xN001:  ssssssssssssssssssssssssssssssssssssssssss
         # of curls with SI accuracy enhancement: 0
         ssssssssssssssssssssssssssssssssssssssssss

1xN001:  ------------------------------------------------------------------------------
         PBA fill limit is applied in inverse mode.
         PBA fill limit is applied on faces filled with at least 99.00% metal material.
         --------------------------------------------------------------
         detailed accuracy settings:
         --------------------------------------------------------------
         augmented fill limit:       true
         augmented fill limit value: 99.00
         automatic fill limit:       true
         early fill limit:           true
         inverse fill limit:         true
         model complexity:           0.00
         legacy 2015:                false
         fixed point accuracy:       false
         minimum point accuracy:     0
         mesh step inheritance:      false
         accuracy mode:
         ------------------------------------------------------------------------------

1xN001:  discrete edge port "1" is connected to metal material.
1xN001:  ----------------------------------------------------------------
         The following discrete edge port is connected to metal material:
         	1
         ----------------------------------------------------------------

1xN001:  =================================
         Finished matrix computation (PBA)
         =================================

1xN001:  <<<<<<<<<<<<<<<<<<<<<<<<<<<<<<<<<<<<<<<<<<<<<<<<<<<<<<<<<<<<
         2024 Jun 08 (Sat):  18:46:33
         Resource usage for calculating matrix coefficients per node:
         	Runtime                          00:00:18.00128
         	Peak Memory Estimation:                   63 MB
         	Peak Memory Usage:                       102 MB
         <<<<<<<<<<<<<<<<<<<<<<<<<<<<<<<<<<<<<<<<<<<<<<<<<<<<<<<<<<<<



<<<<<<<<<<<<<<<<<<<<<<<<<<<<<<<<<<<<<<<<<<<<<<<
2024 Jun 08 (Sat):  18:46:36
Resource usage for parallelization control:
	Runtime                      00:00:23.00980
<<<<<<<<<<<<<<<<<<<<<<<<<<<<<<<<<<<<<<<<<<<<<<<

------------------------------------------------------------------------------------------------------------------------------
PBAMeshFeedback - InfoMap: 0[ms] - SBCell navigation: Using legacy edges - CornerCorrectionLinesAndWires: 0[ms] - Write: 1[ms]
ConnectivityAXG - Load: 2[ms] - Setup: 3[ms] - Convert: 2[ms] ( Groups: 3 - Shapes: 6 - Threads: 4 ) - Write: 2[ms]
------------------------------------------------------------------------------------------------------------------------------

--------------------------------
# of staircase filled cells: 0
# of staircase filled areas: 0
# of staircase filled edges: 0
# of faces above fill limit: 0
# of edges with FPBA topology: 0
--------------------------------

--------------------------------
# of staircase filled cells: 0
# of staircase filled areas: 0
# of staircase filled edges: 0
# of faces above fill limit: 0
# of edges with FPBA topology: 0
--------------------------------

