Frontend-Node:  =======================================================================
                FPBA has been activated in order to calculate connectivity information.
                =======================================================================

==========================================================================
 - pinning rule in use   : PINNING_RULE_MCALC_SKIP_ALL
 - desired group         : 0, sockets = 0
 - num cores available   : 4
 - num accessible procs          : 4
 - num logical procs             : 4
 - affinity (main thread)        : 1111
 - sockets                       : 0
 - potential cores               : 0,1,2,3
 - affinity                      : 1111
 - core list                  (3): 0,1,2,3
 - active cores          : 0,1,2,3
 - skip pinning: + allowed number of sockets = available number of sockets
                 + hyperthreading off
==========================================================================

===================================================================================================
Version: 2022.4 Release from 2022-04-26 (change 967892) [Release]
Workflow: PBA matrix coefficients
Operation: [acis, fpba, meshfill, bg, port-path, port-domain, tst, tst-nextgen, coeff, surface-imp]
Architecture: Windows, ID: AMD64
System Windows-64bit
Using processor group 0/1
HEX Mesh information:
Hex mesh: global: [hxr o(0 | 0 | 0) s(18 | 4 | 9) np (no TSTs): 648] 
===================================================================================================

>>>>>>>>>>>>>>>>>>>>>>>>>>>>>>>>>>>>>>>>
2024 Apr 01 (Mon):  17:39:13
started: calculating matrix coefficients
>>>>>>>>>>>>>>>>>>>>>>>>>>>>>>>>>>>>>>>>

================================================================
Matrix computation (PBA)
	[PERFECT BOUNDARY APPROXIMATION (PBA) (R), version: default]
	[GPU acceleration: off (by user)]
Version 2022.4 (build 20220426)
PBA version 2022042622
Sub-Workflow: FARM-1x1-TST2
Workflow updated: -
2024 Apr 01 (Mon):  17:39:13
================================================================

----------------------------------------------
Used point accuracy enhancement value: 75.00%.
----------------------------------------------

************************************************************************************************
General settings
	PBA version: default
------------------------------------------------------------------------------------------------
Geometry processor: default
	Geo accuracy: 75.000000
	Watertightness check: true
	Self intersection check: false
	Inheritance (all): false
	Normal dominance (all): false
	Normal dominance (ports): false
	Flanges hollow: true
	One shape per flange: false
	Multi threading: true
		max # of threads used: 4
		requested max # of threads: 4
		representation: indexed
		method: multi thread
		retry: no
------------------------------------------------------------------------------------------------
Connectivity settings
	Workflow selection: 0
	Workflow version: 20180101
	Gap detection: true
	Gap detection version: 2
	TST version: 2
	QQ workflow: true
	CoCo workflow: true
	Legacy topology: false
	Connectivity check: false
------------------------------------------------------------------------------------------------
************************************************************************************************

------------------------------------------------------------------------------------------------
Geometry processing log
	PEC background is represented by CAD geometry: false
	Background shape: used
	Multithread portion: 100.00
	Number of CAD shapes: 3
	Number of lumps: 0
------------------------------------------------------------------------------------------------
===================================================================================================
== CST Matrix Calculation Priority Log
===================================================================================================
 
Priorities are sorted in ascending order beginning with the lowest priority
 
Priority-group: 1, shape 4: </cst/Boundaries/> Low^X,   material: $NFSMaterial$,  user-priority: 0.000000,   material-attributes: normal.vacuum,  shape-attributes: boundary,    scheme type:FIT_TD
Priority-group: 1, shape 5: </cst/Boundaries/> Low^Y,   material: $NFSMaterial$,  user-priority: 0.000000,   material-attributes: normal.vacuum,  shape-attributes: boundary,    scheme type:FIT_TD
Priority-group: 1, shape 6: </cst/Boundaries/> Low^Z,   material: $NFSMaterial$,  user-priority: 0.000000,   material-attributes: normal.vacuum,  shape-attributes: boundary,    scheme type:FIT_TD
Priority-group: 1, shape 7: </cst/Boundaries/> Up^X,    material: $NFSMaterial$,  user-priority: 0.000000,   material-attributes: normal.vacuum,  shape-attributes: boundary,    scheme type:FIT_TD
Priority-group: 1, shape 8: </cst/Boundaries/> Up^Y,    material: $NFSMaterial$,  user-priority: 0.000000,   material-attributes: normal.vacuum,  shape-attributes: boundary,    scheme type:FIT_TD
Priority-group: 1, shape 9: </cst/Boundaries/> Up^Z,    material: $NFSMaterial$,  user-priority: 0.000000,   material-attributes: normal.vacuum,  shape-attributes: boundary,    scheme type:FIT_TD
Priority-group: 2, shape 3: component1:subtrate,    material: Rogers RT5880 (lossy),  user-priority: 0.000000,   2D/3D-geometry: true, material-attributes: dispersive-mue.normal,  shape-attributes: solid,   scheme type:FIT_TD
Priority-group: 3, shape 1: component1:ground,  material: Copper (annealed),  user-priority: 0.000000,   2D/3D-geometry: true, material-attributes: pec.rho.surface-impedance,  shape-attributes: solid,   scheme type:FIT_TD
Priority-group: 3, shape 2: component1:patch,   material: Copper (annealed),  user-priority: 0.000000,   2D/3D-geometry: true, material-attributes: pec.rho.surface-impedance,  shape-attributes: solid,   scheme type:FIT_TD
 
===================================================================================================
 
FARM allocation scheme: BBM
Gap-Detection activated for FARM-topology. Gaps are resolved, even partially.: gap tolerance value is 0.001000 and mesh geometry scale is 0.001000

----------------------
Acceleration mode: CPU
----------------------

Port homogenization method: M2H point index deviation
ccccccccccccccccccccccccccccccccccccccccccccccccccccccccccccccccccccc
FARM/Meshfill cache is set to 8 (local FI domains: 1, dynamic: false)
ccccccccccccccccccccccccccccccccccccccccccccccccccccccccccccccccccccc

=============================================================
Hex cell analyzer settings:
	max number of E fields per mesh edge: 2
	max number of H fields per mesh face: 4
	supporting dual grid: false
	performance improvement: ROI limit: true
	performance improvement: ROI threshold: 2
	performance improvement: single topology extraction: true
	performance improvement: pre-categorize cell volume: true
	periodic align: 0
	periodic cells: true
	homogenization version: pid
=============================================================

------------------------------------------------------------------------------
+++++++++++++++++++++++++++++++++++++++++++++++++++++
settings for port mode calculation
+++++++++++++++++++++++++++++++++++++++++++++++++++++
PBA fill limit is applied in inverse mode.
PBA fill limit is applied on faces filled with at least 99.00% metal material.
--------------------------------------------------------------
detailed accuracy settings:
--------------------------------------------------------------
augmented fill limit:       true
augmented fill limit value: 99.00
automatic fill limit:       true
early fill limit:           true
inverse fill limit:         true
model complexity:           0.00
legacy 2015:                false
fixed point accuracy:       false
minimum point accuracy:     0
mesh step inheritance:      false
accuracy mode:              
------------------------------------------------------------------------------

--------------------------------------
Glued 0 metal grid points in port area
--------------------------------------

=================================
Finished matrix computation (PBA)
=================================

<<<<<<<<<<<<<<<<<<<<<<<<<<<<<<<<<<<<<<<<<<<<<<<<<<<
2024 Apr 01 (Mon):  17:39:15
Resource usage for calculating matrix coefficients:
	Runtime                          00:00:02.00400
	Peak Memory Usage:                        42 MB
<<<<<<<<<<<<<<<<<<<<<<<<<<<<<<<<<<<<<<<<<<<<<<<<<<<

--------------------------------
# of staircase filled cells: 0
# of staircase filled areas: 0
# of staircase filled edges: 0
# of faces above fill limit: 0
# of edges with FPBA topology: 0
--------------------------------

Frontend-Node:  =======================================================================
                FPBA has been activated in order to calculate connectivity information.
                =======================================================================

==========================================================================
 - pinning rule in use   : PINNING_RULE_MCALC_SKIP_ALL
 - desired group         : 0, sockets = 0
 - num cores available   : 4
 - num accessible procs          : 4
 - num logical procs             : 4
 - affinity (main thread)        : 1111
 - sockets                       : 0
 - potential cores               : 0,1,2,3
 - affinity                      : 1111
 - core list                  (3): 0,1,2,3
 - active cores          : 0,1,2,3
 - skip pinning: + allowed number of sockets = available number of sockets
                 + hyperthreading off
==========================================================================

===================================================================================================
Version: 2022.4 Release from 2022-04-26 (change 967892) [Release]
Workflow: PBA matrix coefficients
Operation: [acis, fpba, meshfill, bg, port-path, port-domain, tst, tst-nextgen, coeff, surface-imp]
Architecture: Windows, ID: AMD64
System Windows-64bit
Using processor group 0/1
HEX Mesh information:
Hex mesh: global: [hxr o(0 | 0 | 0) s(22 | 4 | 15) np (no TSTs): 1320] 
===================================================================================================

>>>>>>>>>>>>>>>>>>>>>>>>>>>>>>>>>>>>>>>>
2024 Apr 01 (Mon):  17:39:20
started: calculating matrix coefficients
>>>>>>>>>>>>>>>>>>>>>>>>>>>>>>>>>>>>>>>>

================================================================
Matrix computation (PBA)
	[PERFECT BOUNDARY APPROXIMATION (PBA) (R), version: default]
	[GPU acceleration: off (by user)]
Version 2022.4 (build 20220426)
PBA version 2022042622
Sub-Workflow: FARM-1x1-TST2
Workflow updated: -
2024 Apr 01 (Mon):  17:39:20
================================================================

----------------------------------------------
Used point accuracy enhancement value: 75.00%.
----------------------------------------------

************************************************************************************************
General settings
	PBA version: default
------------------------------------------------------------------------------------------------
Geometry processor: default
	Geo accuracy: 75.000000
	Watertightness check: true
	Self intersection check: false
	Inheritance (all): false
	Normal dominance (all): false
	Normal dominance (ports): false
	Flanges hollow: true
	One shape per flange: false
	Multi threading: true
		max # of threads used: 4
		requested max # of threads: 4
		representation: indexed
		method: multi thread
		retry: no
------------------------------------------------------------------------------------------------
Connectivity settings
	Workflow selection: 0
	Workflow version: 20180101
	Gap detection: true
	Gap detection version: 2
	TST version: 2
	QQ workflow: true
	CoCo workflow: true
	Legacy topology: false
	Connectivity check: false
------------------------------------------------------------------------------------------------
************************************************************************************************

------------------------------------------------------------------------------------------------
Geometry processing log
	PEC background is represented by CAD geometry: false
	Background shape: used
	Multithread portion: 100.00
	Number of CAD shapes: 3
	Number of lumps: 0
------------------------------------------------------------------------------------------------
===================================================================================================
== CST Matrix Calculation Priority Log
===================================================================================================
 
Priorities are sorted in ascending order beginning with the lowest priority
 
Priority-group: 1, shape 4: </cst/Boundaries/> Low^X,   material: $NFSMaterial$,  user-priority: 0.000000,   material-attributes: normal.vacuum,  shape-attributes: boundary,    scheme type:FIT_TD
Priority-group: 1, shape 5: </cst/Boundaries/> Low^Y,   material: $NFSMaterial$,  user-priority: 0.000000,   material-attributes: normal.vacuum,  shape-attributes: boundary,    scheme type:FIT_TD
Priority-group: 1, shape 6: </cst/Boundaries/> Low^Z,   material: $NFSMaterial$,  user-priority: 0.000000,   material-attributes: normal.vacuum,  shape-attributes: boundary,    scheme type:FIT_TD
Priority-group: 1, shape 7: </cst/Boundaries/> Up^X,    material: $NFSMaterial$,  user-priority: 0.000000,   material-attributes: normal.vacuum,  shape-attributes: boundary,    scheme type:FIT_TD
Priority-group: 1, shape 8: </cst/Boundaries/> Up^Y,    material: $NFSMaterial$,  user-priority: 0.000000,   material-attributes: normal.vacuum,  shape-attributes: boundary,    scheme type:FIT_TD
Priority-group: 1, shape 9: </cst/Boundaries/> Up^Z,    material: $NFSMaterial$,  user-priority: 0.000000,   material-attributes: normal.vacuum,  shape-attributes: boundary,    scheme type:FIT_TD
Priority-group: 2, shape 3: component1:subtrate,    material: Rogers RT5880 (lossy),  user-priority: 0.000000,   2D/3D-geometry: true, material-attributes: dispersive-mue.normal,  shape-attributes: solid,   scheme type:FIT_TD
Priority-group: 3, shape 1: component1:ground,  material: Copper (annealed),  user-priority: 0.000000,   2D/3D-geometry: true, material-attributes: pec.rho.surface-impedance,  shape-attributes: solid,   scheme type:FIT_TD
Priority-group: 3, shape 2: component1:patch,   material: Copper (annealed),  user-priority: 0.000000,   2D/3D-geometry: true, material-attributes: pec.rho.surface-impedance,  shape-attributes: solid,   scheme type:FIT_TD
 
===================================================================================================
 
FARM allocation scheme: BBM
Gap-Detection activated for FARM-topology. Gaps are resolved, even partially.: gap tolerance value is 0.001000 and mesh geometry scale is 0.001000

----------------------
Acceleration mode: CPU
----------------------

Port homogenization method: M2H point index deviation
ccccccccccccccccccccccccccccccccccccccccccccccccccccccccccccccccccccc
FARM/Meshfill cache is set to 8 (local FI domains: 1, dynamic: false)
ccccccccccccccccccccccccccccccccccccccccccccccccccccccccccccccccccccc

=============================================================
Hex cell analyzer settings:
	max number of E fields per mesh edge: 2
	max number of H fields per mesh face: 4
	supporting dual grid: false
	performance improvement: ROI limit: true
	performance improvement: ROI threshold: 2
	performance improvement: single topology extraction: true
	performance improvement: pre-categorize cell volume: true
	periodic align: 0
	periodic cells: true
	homogenization version: pid
=============================================================

------------------------------------------------------------------------------
+++++++++++++++++++++++++++++++++++++++++++++++++++++
settings for port mode calculation
+++++++++++++++++++++++++++++++++++++++++++++++++++++
PBA fill limit is applied in inverse mode.
PBA fill limit is applied on faces filled with at least 99.00% metal material.
--------------------------------------------------------------
detailed accuracy settings:
--------------------------------------------------------------
augmented fill limit:       true
augmented fill limit value: 99.00
automatic fill limit:       true
early fill limit:           true
inverse fill limit:         true
model complexity:           0.00
legacy 2015:                false
fixed point accuracy:       false
minimum point accuracy:     0
mesh step inheritance:      false
accuracy mode:              
------------------------------------------------------------------------------

--------------------------------------
Glued 0 metal grid points in port area
--------------------------------------

=================================
Finished matrix computation (PBA)
=================================

<<<<<<<<<<<<<<<<<<<<<<<<<<<<<<<<<<<<<<<<<<<<<<<<<<<
2024 Apr 01 (Mon):  17:39:22
Resource usage for calculating matrix coefficients:
	Runtime                          00:00:01.00226
	Peak Memory Usage:                        43 MB
<<<<<<<<<<<<<<<<<<<<<<<<<<<<<<<<<<<<<<<<<<<<<<<<<<<

--------------------------------
# of staircase filled cells: 0
# of staircase filled areas: 0
# of staircase filled edges: 0
# of faces above fill limit: 0
# of edges with FPBA topology: 0
--------------------------------

Frontend-Node:  =======================================================================
                FPBA has been activated in order to calculate connectivity information.
                =======================================================================

==========================================================================
 - pinning rule in use   : PINNING_RULE_MCALC_SKIP_ALL
 - desired group         : 0, sockets = 0
 - num cores available   : 4
 - num accessible procs          : 4
 - num logical procs             : 4
 - affinity (main thread)        : 1111
 - sockets                       : 0
 - potential cores               : 0,1,2,3
 - affinity                      : 1111
 - core list                  (3): 0,1,2,3
 - active cores          : 0,1,2,3
 - skip pinning: + allowed number of sockets = available number of sockets
                 + hyperthreading off
==========================================================================

===================================================================================================
Version: 2022.4 Release from 2022-04-26 (change 967892) [Release]
Workflow: PBA matrix coefficients
Operation: [acis, fpba, meshfill, bg, port-path, port-domain, tst, tst-nextgen, coeff, surface-imp]
Architecture: Windows, ID: AMD64
System Windows-64bit
Using processor group 0/1
HEX Mesh information:
Hex mesh: global: [hxr o(0 | 0 | 0) s(30 | 4 | 22) np (no TSTs): 2640] 
===================================================================================================

>>>>>>>>>>>>>>>>>>>>>>>>>>>>>>>>>>>>>>>>
2024 Apr 01 (Mon):  17:39:24
started: calculating matrix coefficients
>>>>>>>>>>>>>>>>>>>>>>>>>>>>>>>>>>>>>>>>

================================================================
Matrix computation (PBA)
	[PERFECT BOUNDARY APPROXIMATION (PBA) (R), version: default]
	[GPU acceleration: off (by user)]
Version 2022.4 (build 20220426)
PBA version 2022042622
Sub-Workflow: FARM-1x1-TST2
Workflow updated: -
2024 Apr 01 (Mon):  17:39:24
================================================================

----------------------------------------------
Used point accuracy enhancement value: 75.00%.
----------------------------------------------

************************************************************************************************
General settings
	PBA version: default
------------------------------------------------------------------------------------------------
Geometry processor: default
	Geo accuracy: 75.000000
	Watertightness check: true
	Self intersection check: false
	Inheritance (all): false
	Normal dominance (all): false
	Normal dominance (ports): false
	Flanges hollow: true
	One shape per flange: false
	Multi threading: true
		max # of threads used: 4
		requested max # of threads: 4
		representation: indexed
		method: multi thread
		retry: no
------------------------------------------------------------------------------------------------
Connectivity settings
	Workflow selection: 0
	Workflow version: 20180101
	Gap detection: true
	Gap detection version: 2
	TST version: 2
	QQ workflow: true
	CoCo workflow: true
	Legacy topology: false
	Connectivity check: false
------------------------------------------------------------------------------------------------
************************************************************************************************

------------------------------------------------------------------------------------------------
Geometry processing log
	PEC background is represented by CAD geometry: false
	Background shape: used
	Multithread portion: 100.00
	Number of CAD shapes: 3
	Number of lumps: 0
------------------------------------------------------------------------------------------------
===================================================================================================
== CST Matrix Calculation Priority Log
===================================================================================================
 
Priorities are sorted in ascending order beginning with the lowest priority
 
Priority-group: 1, shape 4: </cst/Boundaries/> Low^X,   material: $NFSMaterial$,  user-priority: 0.000000,   material-attributes: normal.vacuum,  shape-attributes: boundary,    scheme type:FIT_TD
Priority-group: 1, shape 5: </cst/Boundaries/> Low^Y,   material: $NFSMaterial$,  user-priority: 0.000000,   material-attributes: normal.vacuum,  shape-attributes: boundary,    scheme type:FIT_TD
Priority-group: 1, shape 6: </cst/Boundaries/> Low^Z,   material: $NFSMaterial$,  user-priority: 0.000000,   material-attributes: normal.vacuum,  shape-attributes: boundary,    scheme type:FIT_TD
Priority-group: 1, shape 7: </cst/Boundaries/> Up^X,    material: $NFSMaterial$,  user-priority: 0.000000,   material-attributes: normal.vacuum,  shape-attributes: boundary,    scheme type:FIT_TD
Priority-group: 1, shape 8: </cst/Boundaries/> Up^Y,    material: $NFSMaterial$,  user-priority: 0.000000,   material-attributes: normal.vacuum,  shape-attributes: boundary,    scheme type:FIT_TD
Priority-group: 1, shape 9: </cst/Boundaries/> Up^Z,    material: $NFSMaterial$,  user-priority: 0.000000,   material-attributes: normal.vacuum,  shape-attributes: boundary,    scheme type:FIT_TD
Priority-group: 2, shape 3: component1:subtrate,    material: Rogers RT5880 (lossy),  user-priority: 0.000000,   2D/3D-geometry: true, material-attributes: dispersive-mue.normal,  shape-attributes: solid,   scheme type:FIT_TD
Priority-group: 3, shape 1: component1:ground,  material: Copper (annealed),  user-priority: 0.000000,   2D/3D-geometry: true, material-attributes: pec.rho.surface-impedance,  shape-attributes: solid,   scheme type:FIT_TD
Priority-group: 3, shape 2: component1:patch,   material: Copper (annealed),  user-priority: 0.000000,   2D/3D-geometry: true, material-attributes: pec.rho.surface-impedance,  shape-attributes: solid,   scheme type:FIT_TD
 
===================================================================================================
 
FARM allocation scheme: BBM
Gap-Detection activated for FARM-topology. Gaps are resolved, even partially.: gap tolerance value is 0.001000 and mesh geometry scale is 0.001000

----------------------
Acceleration mode: CPU
----------------------

Port homogenization method: M2H point index deviation
ccccccccccccccccccccccccccccccccccccccccccccccccccccccccccccccccccccc
FARM/Meshfill cache is set to 8 (local FI domains: 1, dynamic: false)
ccccccccccccccccccccccccccccccccccccccccccccccccccccccccccccccccccccc

=============================================================
Hex cell analyzer settings:
	max number of E fields per mesh edge: 2
	max number of H fields per mesh face: 4
	supporting dual grid: false
	performance improvement: ROI limit: true
	performance improvement: ROI threshold: 2
	performance improvement: single topology extraction: true
	performance improvement: pre-categorize cell volume: true
	periodic align: 0
	periodic cells: true
	homogenization version: pid
=============================================================

------------------------------------------------------------------------------
+++++++++++++++++++++++++++++++++++++++++++++++++++++
settings for port mode calculation
+++++++++++++++++++++++++++++++++++++++++++++++++++++
PBA fill limit is applied in inverse mode.
PBA fill limit is applied on faces filled with at least 99.00% metal material.
--------------------------------------------------------------
detailed accuracy settings:
--------------------------------------------------------------
augmented fill limit:       true
augmented fill limit value: 99.00
automatic fill limit:       true
early fill limit:           true
inverse fill limit:         true
model complexity:           0.00
legacy 2015:                false
fixed point accuracy:       false
minimum point accuracy:     0
mesh step inheritance:      false
accuracy mode:              
------------------------------------------------------------------------------

--------------------------------------
Glued 0 metal grid points in port area
--------------------------------------

=================================
Finished matrix computation (PBA)
=================================

<<<<<<<<<<<<<<<<<<<<<<<<<<<<<<<<<<<<<<<<<<<<<<<<<<<
2024 Apr 01 (Mon):  17:39:26
Resource usage for calculating matrix coefficients:
	Runtime                          00:00:01.00795
	Peak Memory Usage:                        43 MB
<<<<<<<<<<<<<<<<<<<<<<<<<<<<<<<<<<<<<<<<<<<<<<<<<<<

--------------------------------
# of staircase filled cells: 0
# of staircase filled areas: 0
# of staircase filled edges: 0
# of faces above fill limit: 0
# of edges with FPBA topology: 0
--------------------------------

Frontend-Node:  =======================================================================
                FPBA has been activated in order to calculate connectivity information.
                =======================================================================

==========================================================================
 - pinning rule in use   : PINNING_RULE_MCALC_SKIP_ALL
 - desired group         : 0, sockets = 0
 - num cores available   : 4
 - num accessible procs          : 4
 - num logical procs             : 4
 - affinity (main thread)        : 1111
 - sockets                       : 0
 - potential cores               : 0,1,2,3
 - affinity                      : 1111
 - core list                  (3): 0,1,2,3
 - active cores          : 0,1,2,3
 - skip pinning: + allowed number of sockets = available number of sockets
                 + hyperthreading off
==========================================================================

===================================================================================================
Version: 2022.4 Release from 2022-04-26 (change 967892) [Release]
Workflow: PBA matrix coefficients
Operation: [acis, fpba, meshfill, bg, port-path, port-domain, tst, tst-nextgen, coeff, surface-imp]
Architecture: Windows, ID: AMD64
System Windows-64bit
Using processor group 0/1
HEX Mesh information:
Hex mesh: global: [hxr o(0 | 0 | 0) s(42 | 4 | 34) np (no TSTs): 5712] 
===================================================================================================

>>>>>>>>>>>>>>>>>>>>>>>>>>>>>>>>>>>>>>>>
2024 Apr 01 (Mon):  17:39:32
started: calculating matrix coefficients
>>>>>>>>>>>>>>>>>>>>>>>>>>>>>>>>>>>>>>>>

================================================================
Matrix computation (PBA)
	[PERFECT BOUNDARY APPROXIMATION (PBA) (R), version: default]
	[GPU acceleration: off (by user)]
Version 2022.4 (build 20220426)
PBA version 2022042622
Sub-Workflow: FARM-1x1-TST2
Workflow updated: -
2024 Apr 01 (Mon):  17:39:32
================================================================

----------------------------------------------
Used point accuracy enhancement value: 75.00%.
----------------------------------------------

************************************************************************************************
General settings
	PBA version: default
------------------------------------------------------------------------------------------------
Geometry processor: default
	Geo accuracy: 75.000000
	Watertightness check: true
	Self intersection check: false
	Inheritance (all): false
	Normal dominance (all): false
	Normal dominance (ports): false
	Flanges hollow: true
	One shape per flange: false
	Multi threading: true
		max # of threads used: 4
		requested max # of threads: 4
		representation: indexed
		method: multi thread
		retry: no
------------------------------------------------------------------------------------------------
Connectivity settings
	Workflow selection: 0
	Workflow version: 20180101
	Gap detection: true
	Gap detection version: 2
	TST version: 2
	QQ workflow: true
	CoCo workflow: true
	Legacy topology: false
	Connectivity check: false
------------------------------------------------------------------------------------------------
************************************************************************************************

------------------------------------------------------------------------------------------------
Geometry processing log
	PEC background is represented by CAD geometry: false
	Background shape: used
	Multithread portion: 100.00
	Number of CAD shapes: 3
	Number of lumps: 0
------------------------------------------------------------------------------------------------
===================================================================================================
== CST Matrix Calculation Priority Log
===================================================================================================
 
Priorities are sorted in ascending order beginning with the lowest priority
 
Priority-group: 1, shape 4: </cst/Boundaries/> Low^X,   material: $NFSMaterial$,  user-priority: 0.000000,   material-attributes: normal.vacuum,  shape-attributes: boundary,    scheme type:FIT_TD
Priority-group: 1, shape 5: </cst/Boundaries/> Low^Y,   material: $NFSMaterial$,  user-priority: 0.000000,   material-attributes: normal.vacuum,  shape-attributes: boundary,    scheme type:FIT_TD
Priority-group: 1, shape 6: </cst/Boundaries/> Low^Z,   material: $NFSMaterial$,  user-priority: 0.000000,   material-attributes: normal.vacuum,  shape-attributes: boundary,    scheme type:FIT_TD
Priority-group: 1, shape 7: </cst/Boundaries/> Up^X,    material: $NFSMaterial$,  user-priority: 0.000000,   material-attributes: normal.vacuum,  shape-attributes: boundary,    scheme type:FIT_TD
Priority-group: 1, shape 8: </cst/Boundaries/> Up^Y,    material: $NFSMaterial$,  user-priority: 0.000000,   material-attributes: normal.vacuum,  shape-attributes: boundary,    scheme type:FIT_TD
Priority-group: 1, shape 9: </cst/Boundaries/> Up^Z,    material: $NFSMaterial$,  user-priority: 0.000000,   material-attributes: normal.vacuum,  shape-attributes: boundary,    scheme type:FIT_TD
Priority-group: 2, shape 3: component1:subtrate,    material: Rogers RT5880 (lossy),  user-priority: 0.000000,   2D/3D-geometry: true, material-attributes: dispersive-mue.normal,  shape-attributes: solid,   scheme type:FIT_TD
Priority-group: 3, shape 1: component1:ground,  material: Copper (annealed),  user-priority: 0.000000,   2D/3D-geometry: true, material-attributes: pec.rho.surface-impedance,  shape-attributes: solid,   scheme type:FIT_TD
Priority-group: 3, shape 2: component1:patch,   material: Copper (annealed),  user-priority: 0.000000,   2D/3D-geometry: true, material-attributes: pec.rho.surface-impedance,  shape-attributes: solid,   scheme type:FIT_TD
 
===================================================================================================
 
FARM allocation scheme: BBM
Gap-Detection activated for FARM-topology. Gaps are resolved, even partially.: gap tolerance value is 0.001000 and mesh geometry scale is 0.001000

----------------------
Acceleration mode: CPU
----------------------

Port homogenization method: M2H point index deviation
ccccccccccccccccccccccccccccccccccccccccccccccccccccccccccccccccccccc
FARM/Meshfill cache is set to 8 (local FI domains: 1, dynamic: false)
ccccccccccccccccccccccccccccccccccccccccccccccccccccccccccccccccccccc

=============================================================
Hex cell analyzer settings:
	max number of E fields per mesh edge: 2
	max number of H fields per mesh face: 4
	supporting dual grid: false
	performance improvement: ROI limit: true
	performance improvement: ROI threshold: 2
	performance improvement: single topology extraction: true
	performance improvement: pre-categorize cell volume: true
	periodic align: 0
	periodic cells: true
	homogenization version: pid
=============================================================

------------------------------------------------------------------------------
+++++++++++++++++++++++++++++++++++++++++++++++++++++
settings for port mode calculation
+++++++++++++++++++++++++++++++++++++++++++++++++++++
PBA fill limit is applied in inverse mode.
PBA fill limit is applied on faces filled with at least 99.00% metal material.
--------------------------------------------------------------
detailed accuracy settings:
--------------------------------------------------------------
augmented fill limit:       true
augmented fill limit value: 99.00
automatic fill limit:       true
early fill limit:           true
inverse fill limit:         true
model complexity:           0.00
legacy 2015:                false
fixed point accuracy:       false
minimum point accuracy:     0
mesh step inheritance:      false
accuracy mode:              
------------------------------------------------------------------------------

--------------------------------------
Glued 0 metal grid points in port area
--------------------------------------

=================================
Finished matrix computation (PBA)
=================================

<<<<<<<<<<<<<<<<<<<<<<<<<<<<<<<<<<<<<<<<<<<<<<<<<<<
2024 Apr 01 (Mon):  17:39:36
Resource usage for calculating matrix coefficients:
	Runtime                          00:00:04.00230
	Peak Memory Usage:                        46 MB
<<<<<<<<<<<<<<<<<<<<<<<<<<<<<<<<<<<<<<<<<<<<<<<<<<<

--------------------------------
# of staircase filled cells: 0
# of staircase filled areas: 0
# of staircase filled edges: 0
# of faces above fill limit: 0
# of edges with FPBA topology: 0
--------------------------------

Frontend-Node:  =======================================================================
                FPBA has been activated in order to calculate connectivity information.
                =======================================================================

>>>>>>>>>>>>>>>>>>>>>>>>>>>>>>>>
2024 Apr 01 (Mon):  17:39:41
started: parallelization control
>>>>>>>>>>>>>>>>>>>>>>>>>>>>>>>>

==========================================================================
 - pinning rule in use   : PINNING_RULE_MCALC_SKIP_ALL
 - desired group         : 0, sockets = 0
 - num cores available   : 4
 - num accessible procs          : 4
 - num logical procs             : 4
 - affinity (main thread)        : 1111
 - sockets                       : 0
 - potential cores               : 0,1,2,3
 - affinity                      : 1111
 - core list                  (3): 0,1,2,3
 - active cores          : 0,1,2,3
 - skip pinning: + allowed number of sockets = available number of sockets
                 + hyperthreading off
==========================================================================

=========================================================================
Version: 2022.4 Release from 2022-04-26 (change 967892) [Release]
Workflow: QQ-Facets
Operation: [acis, fpba, bg]
Architecture: Windows, ID: AMD64
System Windows-64bit
Using processor group 0/1
HEX Mesh information:
Hex mesh: global: [hxr o(0 | 0 | 0) s(66 | 57 | 20) np (no TSTs): 75240] 
=========================================================================

>>>>>>>>>>>>>>>>>>>>>>>>>>>>>
2024 Apr 01 (Mon):  17:39:42
started: processing CAD model
>>>>>>>>>>>>>>>>>>>>>>>>>>>>>

========================================================================
Processing CAD model (for field results)
	[Improved internal geometry representation]
	[Accuracy improvement for long shapes in inhomogeneous mesh regions]
Version 2022.4 (build 20220426)
PBA version 2022042622
Sub-Workflow: Facets-QQ-GEX
Workflow updated: -
2024 Apr 01 (Mon):  17:39:42
========================================================================

===========================================
Finished CAD processing (for field results)
===========================================

<<<<<<<<<<<<<<<<<<<<<<<<<<<<<<<<<<<<<<<<<<
2024 Apr 01 (Mon):  17:39:43
Resource usage for processing CAD model:
	Runtime                 00:00:00.00640
	Peak Memory Usage:               43 MB
<<<<<<<<<<<<<<<<<<<<<<<<<<<<<<<<<<<<<<<<<<

>>>>>>>>>>>>>>>>>>>>>>>>>>>>>
2024 Apr 01 (Mon):  17:39:43
started: processing CAD model
>>>>>>>>>>>>>>>>>>>>>>>>>>>>>

========================================================================
Processing CAD model
	[Improved internal geometry representation]
	[Accuracy improvement for long shapes in inhomogeneous mesh regions]
Version 2022.4 (build 20220426)
PBA version 2022042622
Sub-Workflow: Facets-QQ-GEX
Workflow updated: -
2024 Apr 01 (Mon):  17:39:43
========================================================================

----------------------------------------------
Used point accuracy enhancement value: 72.00%.
----------------------------------------------

=============================================================================
Mesh statistics:
-----------------------------------------------------------------------------
Minimum edge length (x): 0.912 @ mesh line 32 (x)
Maximum edge length (x): 5.65 @ mesh line 64 (x)
Minimum face area (x): 0.919 @ mesh lines 18 | 4 (y | z)
Maximum face area (x): 31.9 @ mesh lines 55 | 1 (y | z)
Minimum edge length (y): 0.927 @ mesh line 18 (y)
Maximum edge length (y): 5.65 @ mesh line 55 (y)
Minimum face area (y): 0.905 @ mesh lines 4 | 32 (z | x)
Maximum face area (y): 31.9 @ mesh lines 1 | 64 (z | x)
Minimum edge length (z): 0.992 @ mesh line 4 (z)
Maximum edge length (z): 5.65 @ mesh line 1 (z)
Minimum face area (z): 0.845 @ mesh lines 32 | 18 (x | y)
Maximum face area (z): 31.9 @ mesh lines 64 | 55 (x | y)
Maximum mesh face aspect ratio (x): 6.09 : 1.0  @ mesh lines 18 | 1 (y | z)
Maximum mesh face aspect ratio (y): 6.19 : 1.0  @ mesh lines 1 | 32 (z | x)
Maximum mesh face aspect ratio (z): 6.19 : 1.0  @ mesh lines 32 | 55 (x | y)
=============================================================================

=============================================================================
Available resources to store TST cells: 2147408407 (2854078.16% of mesh size)
=============================================================================

************************************************************************************************
General settings
	PBA version: default
------------------------------------------------------------------------------------------------
Geometry processor: default
	Geo accuracy: 72.000000
	Watertightness check: true
	Self intersection check: false
	Inheritance (all): false
	Normal dominance (all): false
	Normal dominance (ports): false
	Flanges hollow: true
	One shape per flange: false
	Multi threading: true
		max # of threads used: 4
		requested max # of threads: 4
		representation: indexed
		method: multi thread
		retry: no
------------------------------------------------------------------------------------------------
Connectivity settings
	Workflow selection: 0
	Workflow version: 20190101
	Gap detection: true
	Gap detection version: 2
	TST version: 2
	QQ workflow: true
	CoCo workflow: true
	Legacy topology: false
	Connectivity check: true
------------------------------------------------------------------------------------------------
************************************************************************************************

------------------------------------------------------------------------------------------------
Geometry processing log
	PEC background is represented by CAD geometry: false
	Background shape: used
	Multithread portion: 100.00
	Number of CAD shapes: 3
	Number of lumps: 0
------------------------------------------------------------------------------------------------
===================================================================================================
== CST Matrix Calculation Priority Log
===================================================================================================
 
Priorities are sorted in ascending order beginning with the lowest priority
 
Priority-group: 1, shape 4: </cst/Boundaries/> Low^X,   material: $NFSMaterial$,  user-priority: 0.000000,   material-attributes: normal.vacuum,  shape-attributes: boundary,    scheme type:FIT_TD
Priority-group: 1, shape 5: </cst/Boundaries/> Low^Y,   material: $NFSMaterial$,  user-priority: 0.000000,   material-attributes: normal.vacuum,  shape-attributes: boundary,    scheme type:FIT_TD
Priority-group: 1, shape 6: </cst/Boundaries/> Low^Z,   material: $NFSMaterial$,  user-priority: 0.000000,   material-attributes: normal.vacuum,  shape-attributes: boundary,    scheme type:FIT_TD
Priority-group: 1, shape 7: </cst/Boundaries/> Up^X,    material: $NFSMaterial$,  user-priority: 0.000000,   material-attributes: normal.vacuum,  shape-attributes: boundary,    scheme type:FIT_TD
Priority-group: 1, shape 8: </cst/Boundaries/> Up^Y,    material: $NFSMaterial$,  user-priority: 0.000000,   material-attributes: normal.vacuum,  shape-attributes: boundary,    scheme type:FIT_TD
Priority-group: 1, shape 9: </cst/Boundaries/> Up^Z,    material: $NFSMaterial$,  user-priority: 0.000000,   material-attributes: normal.vacuum,  shape-attributes: boundary,    scheme type:FIT_TD
Priority-group: 2, shape 3: component1:subtrate,    material: Rogers RT5880 (lossy),  user-priority: 0.000000,   2D/3D-geometry: true, material-attributes: dispersive-mue.normal,  shape-attributes: solid,   scheme type:FIT_TD
Priority-group: 3, shape 1: component1:ground,  material: Copper (annealed),  user-priority: 0.000000,   2D/3D-geometry: true, material-attributes: pec.rho.surface-impedance,  shape-attributes: solid,   scheme type:FIT_TD
Priority-group: 3, shape 2: component1:patch,   material: Copper (annealed),  user-priority: 0.000000,   2D/3D-geometry: true, material-attributes: pec.rho.surface-impedance,  shape-attributes: solid,   scheme type:FIT_TD
 
===================================================================================================
 
=======================
Finished CAD processing
=======================

<<<<<<<<<<<<<<<<<<<<<<<<<<<<<<<<<<<<<<<<<<
2024 Apr 01 (Mon):  17:39:43
Resource usage for processing CAD model:
	Runtime                 00:00:00.00147
	Peak Memory Usage:               43 MB
<<<<<<<<<<<<<<<<<<<<<<<<<<<<<<<<<<<<<<<<<<

------------------------------------------------------------
Parallelization Info
------------------------------------------------------------
Hyperthreading active: false
Hyperthreading used: false
Number of concurrent threads: 2
Number of node domains: 2
Domains-to-threads scaling: 2
Average FI domain size: 9e+03
Nice mode: true
Delayed matrix calculation start: false
Load balancing: Version 20090403
Number of mesh fill domains: 8
Memory downscale: 1
CPU load: 50.00%
Emptiness: 0.00%
Hex mesh complexity: 0.06916
Geometric complexity: 0.00124
lower size limit of domain (1D): 60
------------------------------------------------------------
Node order
1, 0
------------------------------------------------------------

------------------------------------------------------------------
Matrix calculation job submit section 0
Currently running jobs: 0
Waiting jobs: 2
Concurrency for section: 2/2
Matrix calculation node 1
	Mesh coverage: 3581500.00 %
	Estimated peak memory usage per node: 50 MB, tightness: 7.40 %
	Processor group: 0
Matrix calculation node 0
	Mesh coverage: 3458000.00 %
	Estimated peak memory usage per node: 50 MB, tightness: 7.37 %
	Processor group: 0
------------------------------------------------------------------

-----------------------------------
Mesh: # of points excl. TSTs: 75240
      # of points incl. TSTs: 75240
-----------------------------------

===========================================
Data rearrangement statistics:
Disk IO directories:	00:00:00.0002
Disk IO node domain files:	00:00:00.0105
Disk IO FI domain files:	00:00:00.0000
Disk IO meta information:	00:00:00.0019
Sequential merge (TST):	00:00:00.0000
===========================================

1xN000:  ==========================================================================
          - pinning rule in use   : PINNING_RULE_MCALC_SKIP_ALL
          - desired group         : 0, sockets = 0
          - num cores available   : 4
          - num accessible procs          : 4
          - num logical procs             : 4
          - affinity (main thread)        : 1111
          - sockets                       : 0
          - potential cores               : 0,1,2,3
          - affinity                      : 1111
          - core list                  (3): 0,1,2,3
          - active cores          : 0,1,2,3
          - skip pinning: + allowed number of sockets = available number of sockets
                          + hyperthreading off
         ==========================================================================

1xN000:  ===================================================================================================
         Version: 2022.4 Release from 2022-04-26 (change 967892) [Release]
         Workflow: PBA matrix coefficients
         Operation: [fpba, meshfill, bg, port-path, tst, tst-nextgen, coeff, surface-imp, connectivity-tree]
         Architecture: Windows, ID: AMD64
         System Windows-64bit
         Using processor group 0/1
         HEX Mesh information:
         Hex mesh: node: [hxr o(0 | 0 | 0) s(66 | 29 | 20) np (no TSTs): 38280]
         Hex mesh: extended: [hxr o(0 | 0 | 0) s(66 | 31 | 20) np (no TSTs): 40920]
         ===================================================================================================

1xN000:  ------------------------------------------------------
         Memory status  on node "1xN000" for matrix calculation
         	Estimated memory consumption: 0.0499123 GB
         	Physical memory installed: 3.21557 GB
         	Available physical memory: 0.625 GB
         	Available relative memory: 19.4367%s
         ------------------------------------------------------

1xN000:  >>>>>>>>>>>>>>>>>>>>>>>>>>>>>>>>>>>>>>>>>>>>>>>>>
         2024 Apr 01 (Mon):  17:39:44
         started: calculating matrix coefficients per node
         >>>>>>>>>>>>>>>>>>>>>>>>>>>>>>>>>>>>>>>>>>>>>>>>>

1xN000:  ================================================================
         Matrix computation (PBA)
         	[PERFECT BOUNDARY APPROXIMATION (PBA) (R), version: default]
         	[GPU acceleration: off (by user)]
         Version 2022.4 (build 20220426)
         PBA version 2022042622
         Sub-Workflow: FARM-1xN-TST2-Node
         Workflow updated: -
         2024 Apr 01 (Mon):  17:39:44
         ================================================================

1xN000:  ----------------------------------------------
         Used point accuracy enhancement value: 72.00%.
         ----------------------------------------------

1xN000:  FARM allocation scheme: BBM
1xN000:  Gap-Detection activated for FARM-topology. Gaps are resolved, even partially.: gap tolerance value is 0.001000 and mesh geometry scale is 0.001000
1xN000:
1xN000:



1xN000:  ----------------------
         Acceleration mode: CPU
         ----------------------

1xN000:  Port homogenization method: M2H point index deviation
1xN000:  cccccccccccccccccccccccccccccccccccccccccccccccccccccccccccccccccccc
         FARM/Meshfill cache is set to 8 (local FI domains: 8, dynamic: true)
         cccccccccccccccccccccccccccccccccccccccccccccccccccccccccccccccccccc

1xN000:  =============================================================
         Hex cell analyzer settings:
         	max number of E fields per mesh edge: 2
         	max number of H fields per mesh face: 4
         	supporting dual grid: false
         	performance improvement: ROI limit: true
         	performance improvement: ROI threshold: 2
         	performance improvement: single topology extraction: true
         	performance improvement: pre-categorize cell volume: true
         	periodic align: 0
         	periodic cells: true
         	homogenization version: pid
         =============================================================

1xN000:  ssssssssssssssssssssssssssssssssssssssssss
         # of curls with SI accuracy enhancement: 0
         ssssssssssssssssssssssssssssssssssssssssss

1xN000:  ------------------------------------------------------------------------------
         PBA fill limit is applied in inverse mode.
         PBA fill limit is applied on faces filled with at least 99.00% metal material.
         --------------------------------------------------------------
         detailed accuracy settings:
         --------------------------------------------------------------
         augmented fill limit:       true
         augmented fill limit value: 99.00
         automatic fill limit:       true
         early fill limit:           true
         inverse fill limit:         true
         model complexity:           0.00
         legacy 2015:                false
         fixed point accuracy:       false
         minimum point accuracy:     0
         mesh step inheritance:      false
         accuracy mode:
         ------------------------------------------------------------------------------

1xN000:  --------------------------------------
         Glued 0 metal grid points in port area
         --------------------------------------

1xN000:  =================================
         Finished matrix computation (PBA)
         =================================

1xN000:  <<<<<<<<<<<<<<<<<<<<<<<<<<<<<<<<<<<<<<<<<<<<<<<<<<<<<<<<<<<<
         2024 Apr 01 (Mon):  17:39:59
         Resource usage for calculating matrix coefficients per node:
         	Runtime                          00:00:15.00276
         	Peak Memory Estimation:                   50 MB
         	Peak Memory Usage:                        90 MB
         <<<<<<<<<<<<<<<<<<<<<<<<<<<<<<<<<<<<<<<<<<<<<<<<<<<<<<<<<<<<



1xN001:  ==========================================================================
          - pinning rule in use   : PINNING_RULE_MCALC_SKIP_ALL
          - desired group         : 0, sockets = 0
          - num cores available   : 4
          - num accessible procs          : 4
          - num logical procs             : 4
          - affinity (main thread)        : 1111
          - sockets                       : 0
          - potential cores               : 0,1,2,3
          - affinity                      : 1111
          - core list                  (3): 0,1,2,3
          - active cores          : 0,1,2,3
          - skip pinning: + allowed number of sockets = available number of sockets
                          + hyperthreading off
         ==========================================================================

1xN001:  ===================================================================================================
         Version: 2022.4 Release from 2022-04-26 (change 967892) [Release]
         Workflow: PBA matrix coefficients
         Operation: [fpba, meshfill, bg, port-path, tst, tst-nextgen, coeff, surface-imp, connectivity-tree]
         Architecture: Windows, ID: AMD64
         System Windows-64bit
         Using processor group 0/1
         HEX Mesh information:
         Hex mesh: node: [hxr o(0 | 27 | 0) s(66 | 30 | 20) np (no TSTs): 39600]
         Hex mesh: extended: [hxr o(0 | 25 | 0) s(66 | 32 | 20) np (no TSTs): 42240]
         ===================================================================================================

1xN001:  ------------------------------------------------------
         Memory status  on node "1xN001" for matrix calculation
         	Estimated memory consumption: 0.0500756 GB
         	Physical memory installed: 3.21557 GB
         	Available physical memory: 0.625 GB
         	Available relative memory: 19.4367%s
         ------------------------------------------------------

1xN001:  >>>>>>>>>>>>>>>>>>>>>>>>>>>>>>>>>>>>>>>>>>>>>>>>>
         2024 Apr 01 (Mon):  17:39:44
         started: calculating matrix coefficients per node
         >>>>>>>>>>>>>>>>>>>>>>>>>>>>>>>>>>>>>>>>>>>>>>>>>

1xN001:  ================================================================
         Matrix computation (PBA)
         	[PERFECT BOUNDARY APPROXIMATION (PBA) (R), version: default]
         	[GPU acceleration: off (by user)]
         Version 2022.4 (build 20220426)
         PBA version 2022042622
         Sub-Workflow: FARM-1xN-TST2-Node
         Workflow updated: -
         2024 Apr 01 (Mon):  17:39:44
         ================================================================

1xN001:  ----------------------------------------------
         Used point accuracy enhancement value: 72.00%.
         ----------------------------------------------

1xN001:  FARM allocation scheme: BBM
1xN001:  Gap-Detection activated for FARM-topology. Gaps are resolved, even partially.: gap tolerance value is 0.001000 and mesh geometry scale is 0.001000
1xN001:
1xN001:



1xN001:  ----------------------
         Acceleration mode: CPU
         ----------------------

1xN001:  Port homogenization method: M2H point index deviation
1xN001:  cccccccccccccccccccccccccccccccccccccccccccccccccccccccccccccccccccc
         FARM/Meshfill cache is set to 8 (local FI domains: 8, dynamic: true)
         cccccccccccccccccccccccccccccccccccccccccccccccccccccccccccccccccccc

1xN001:  =============================================================
         Hex cell analyzer settings:
         	max number of E fields per mesh edge: 2
         	max number of H fields per mesh face: 4
         	supporting dual grid: false
         	performance improvement: ROI limit: true
         	performance improvement: ROI threshold: 2
         	performance improvement: single topology extraction: true
         	performance improvement: pre-categorize cell volume: true
         	periodic align: 0
         	periodic cells: true
         	homogenization version: pid
         =============================================================

1xN001:  ssssssssssssssssssssssssssssssssssssssssss
         # of curls with SI accuracy enhancement: 0
         ssssssssssssssssssssssssssssssssssssssssss

1xN001:  ------------------------------------------------------------------------------
         PBA fill limit is applied in inverse mode.
         PBA fill limit is applied on faces filled with at least 99.00% metal material.
         --------------------------------------------------------------
         detailed accuracy settings:
         --------------------------------------------------------------
         augmented fill limit:       true
         augmented fill limit value: 99.00
         automatic fill limit:       true
         early fill limit:           true
         inverse fill limit:         true
         model complexity:           0.00
         legacy 2015:                false
         fixed point accuracy:       false
         minimum point accuracy:     0
         mesh step inheritance:      false
         accuracy mode:
         ------------------------------------------------------------------------------

1xN001:  =================================
         Finished matrix computation (PBA)
         =================================

1xN001:  <<<<<<<<<<<<<<<<<<<<<<<<<<<<<<<<<<<<<<<<<<<<<<<<<<<<<<<<<<<<
         2024 Apr 01 (Mon):  17:39:57
         Resource usage for calculating matrix coefficients per node:
         	Runtime                          00:00:13.00919
         	Peak Memory Estimation:                   50 MB
         	Peak Memory Usage:                        85 MB
         <<<<<<<<<<<<<<<<<<<<<<<<<<<<<<<<<<<<<<<<<<<<<<<<<<<<<<<<<<<<



<<<<<<<<<<<<<<<<<<<<<<<<<<<<<<<<<<<<<<<<<<<<<<<
2024 Apr 01 (Mon):  17:40:01
Resource usage for parallelization control:
	Runtime                      00:00:19.00587
<<<<<<<<<<<<<<<<<<<<<<<<<<<<<<<<<<<<<<<<<<<<<<<

------------------------------------------------------------------------------------------------------------------------------
PBAMeshFeedback - InfoMap: 0[ms] - SBCell navigation: Using legacy edges - CornerCorrectionLinesAndWires: 0[ms] - Write: 1[ms]
ConnectivityAXG - Load: 15[ms] - Setup: 20[ms] - Convert: 2[ms] ( Groups: 2 - Shapes: 3 - Threads: 4 ) - Write: 1[ms]
------------------------------------------------------------------------------------------------------------------------------

--------------------------------
# of staircase filled cells: 0
# of staircase filled areas: 0
# of staircase filled edges: 0
# of faces above fill limit: 0
# of edges with FPBA topology: 0
--------------------------------

