26/Apr/2024 17:45:25  Defined reference frequency for open boundary condition (4.5 GHz) is larger
                      than the lowest relevant system frequency (monitor at 1 GHz).
                      Please check open boundary settings to ensure accurate monitor results for the
                      lowest frequency of interest.
                      
                      ------------------------------------------------------------------------------
26/Apr/2024 17:45:25  *** Warning ***
                      
                      The monitor h-field (f=1) is outside simulation frequency range and will be
                      ignored.
                      
                      ------------------------------------------------------------------------------
26/Apr/2024 17:45:25  *** Warning ***
                      
                      The monitor e-field (f=1) is outside simulation frequency range and will be
                      ignored.
                      
                      ------------------------------------------------------------------------------
26/Apr/2024 17:45:25  *** Warning ***
                      
                      The monitor farfield (f=1) is outside the simulation frequency range and will
                      be ignored.
                      
                      ------------------------------------------------------------------------------
26/Apr/2024 17:45:25  *** Warning ***
                      
                      This software is licensed for personal and educational purposes only.
                      
                      ------------------------------------------------------------------------------
26/Apr/2024 17:45:25  The following farfield monitor(s) have been adjusted to model box [-30.7016,
                      30.7016, -30.7018, 30.7018, -2.71084, 0.710838].
                        farfield (f=1), farfield (f=3), farfield (f=3.5), farfield (f=5). More...
                      
                      ------------------------------------------------------------------------------
26/Apr/2024 17:45:26  
                      Solver started at: 05:45 PM Friday, 26. April 2024 (India Standard Time)
                      
                        Module:  Time Domain: S-Parameter (Win 64)
                        Version: 2022.4 Release from 2022-04-26 (change 967892)
                      

                      ------------------------------------------------------------------------------

                      ------------------------------------------------------------------------------
26/Apr/2024 17:45:26  ======================================================================
                       Solver cycle: 1
                      ======================================================================
                      
                      Stimulation at discrete port 1 
                      
                      
                      
                      ------------------------------------------------------------------------------
26/Apr/2024 17:45:26  Units settings: 
                      
                        Dimensions: mm
                        Frequency:  GHz
                        Time:       ns
                      
                      ------------------------------------------------------------------------------
26/Apr/2024 17:45:26  The dispersive material update [Automatic] will be performed using the "Standard" update schema
                      
                      ------------------------------------------------------------------------------
26/Apr/2024 17:45:48  The following discrete edge port is connected to metal material:
                      	1
                      
                      ------------------------------------------------------------------------------
26/Apr/2024 17:45:50  Mesh statistics:
                      
                         Hexahedral mesh type: PERFECT BOUNDARY APPROXIMATION (PBA) (R)
                            Version: default
                      
                         Parallelization type: domain decomposition
                            Number of parallel working threads: 2
                            Number of calculation domains used: 2
                      
                         Used point accuracy enhancement value: 72.00%.
26/Apr/2024 17:45:30     current system memory usage reached 80%
                         Acceleration mode: CPU
                         PBA fill limit: 99.00% (inverse)
26/Apr/2024 17:45:31     current system memory usage reached 80%

26/Apr/2024 17:45:55  Boundary conditions: 
                      
                        YZsymmetry: none
                        XZsymmetry: none
                        XYsymmetry: none
                      
                        Xmin: expanded open, 4 Layer, depth 15.0129 mm
                        Xmax: expanded open, 4 Layer, depth 15.0129 mm
                      
                        Ymin: expanded open, 4 Layer, depth 15.0318 mm
                        Ymax: expanded open, 4 Layer, depth 15.0318 mm
                      
                        Zmin: expanded open, 4 Layer, depth 15.0451 mm
                        Zmax: expanded open, 4 Layer, depth 15.0451 mm
                      
                        PML-Type: Convolution PML
                      
                      ------------------------------------------------------------------------------
26/Apr/2024 17:45:55  Frequency settings: 
                      
                        Fmin:         2
                        Fmax:         7
                        Nfsteps(lin): 1001
                      
                      ------------------------------------------------------------------------------
26/Apr/2024 17:45:56  Field update statistics:
                      
                        Number of components in total: 	427881
                        Number of lossy metal components:	12352
                        Number of disp. elements:		21073
                      
                      Subcycling state:      Automatically deactivated
                      
                      ------------------------------------------------------------------------------
26/Apr/2024 17:45:56  Port: 1
                      
26/Apr/2024 17:45:56    Discrete element, reference impedance = 50 Ohm
                      
                      ------------------------------------------------------------------------------
26/Apr/2024 17:46:36  
                      --------------------------------------------------------------------------------
26/Apr/2024 17:46:36  Steady state energy criterion met, solver finished successfully.
                      
                      ------------------------------------------------------------------------------
26/Apr/2024 17:46:36  Frequency domain results normalized to default signal.
                      
                      
                      ------------------------------------------------------------------------------
26/Apr/2024 17:46:36  
                        ----------------------------------------------------------------------------
                                            Peak memory used (kB)         Free physical memory (kB) 
                                                                          At begin     Minimum      
                        ----------------------------------------------------------------------------
                        CAD preparation     42260                         819452       819452       
                        Matrices calc.      155468                        814453       671875       
                        Solver run total    121836                        863604       672556       
                        ----------------------------------------------------------------------------
                      
                      --------------------------------------------------------------------------------
                      Solver Statistics:
                      
                        Hardware:
                           Computer name:                 	MAZZSHAIKH07BA 
                      
                           Number of CPU threads:               4
                           Hardware info:                  	Hardware Accelerator Device not activated
                      
                        Number of mesh cells:             	68204
                        Excitation duration:              	1.42181950e+000 ns 
                        Calculation time for excitation:  	0 	s
                        Number of calculated pulse widths:	4.43594 
                        Steady state accuracy limit:      	-40	dB 
                        Simulated number of time steps:   	5130 
                        Maximum number of time steps:     	23129 
                        Time step width:
                           without subcycles:             	1.229454795e-003 ns
                           used:                          	1.229454795e-003 ns
                      
                        CAD preparation time:             	0      	s
                        Matrix calculation time:          	24 	s
                        Solver setup time:                	10 	s
                        Solver loop time:                 	32 	s
                        Solver post-processing time:      	3 	s
                                                          	------------
                        Total solver time:                	69 	s  ( = 0 h, 1 m, 9 s )
                      
                      ------------------------------------------------------------------------------
26/Apr/2024 17:46:37  
                        Adaptive port meshing time:          	0      	s
                        Total solver time (all cycles):      	69     	s  ( = 0 h, 1 m, 9 s )
                        Solver initialization and clean-up:  	2      	s
                                                             	------------
                        Total simulation time:               	71     	s  ( = 0 h, 1 m, 11 s )
                      
                      ------------------------------------------------------------------------------
26/Apr/2024 17:46:37  Solver finished at: 05:46 PM Friday, 26. April 2024
                      
                      
                      
                      ------------------------------------------------------------------------------
26/Apr/2024 17:46:43  Creating parametric 1D results for Run ID 1
                      
                      ------------------------------------------------------------------------------
