29/Apr/2024 19:15:53  Defined reference frequency for open boundary condition (4.5 GHz) is larger
                      than the lowest relevant system frequency (monitor at 2 GHz).
                      Please check open boundary settings to ensure accurate monitor results for the
                      lowest frequency of interest.
                      
                      ------------------------------------------------------------------------------
29/Apr/2024 19:15:53  *** Warning ***
                      
                      The monitor farfield (f=9.5) is outside the simulation frequency range and will
                      be ignored.
                      
                      ------------------------------------------------------------------------------
29/Apr/2024 19:15:53  *** Warning ***
                      
                      This software is licensed for personal and educational purposes only.
                      
                      ------------------------------------------------------------------------------
29/Apr/2024 19:15:53  The following farfield monitor(s) have been adjusted to model box [-30.7018,
                      30.7018, -30.7018, 30.7018, -2.71084, 2.71967].
                        farfield (f=2), farfield (f=3.5), farfield (f=5.75), farfield (f=9.5). More...
                      
                      ------------------------------------------------------------------------------
29/Apr/2024 19:15:53  
                      Solver started at: 07:15 PM Monday, 29. April 2024 (India Standard Time)
                      
                        Module:  Time Domain: S-Parameter (Win 64)
                        Version: 2022.4 Release from 2022-04-26 (change 967892)
                      

                      ------------------------------------------------------------------------------

                      ------------------------------------------------------------------------------
29/Apr/2024 19:15:53  ======================================================================
                       Solver cycle: 1
                      ======================================================================
                      
                      Stimulation at discrete port 1 
                      
                      
                      
                      ------------------------------------------------------------------------------
29/Apr/2024 19:15:54  Units settings: 
                      
                        Dimensions: mm
                        Frequency:  GHz
                        Time:       ns
                      
                      ------------------------------------------------------------------------------
29/Apr/2024 19:15:54  The dispersive material update [Automatic] will be performed using the "Standard" update schema
                      
                      ------------------------------------------------------------------------------
29/Apr/2024 19:16:17  The following discrete edge port is connected to metal material:
                      	1
                      
                      ------------------------------------------------------------------------------
29/Apr/2024 19:16:18  Mesh statistics:
                      
                         Hexahedral mesh type: PERFECT BOUNDARY APPROXIMATION (PBA) (R)
                            Version: default
                      
                         Parallelization type: domain decomposition
                            Number of parallel working threads: 2
                            Number of calculation domains used: 4
                      
                         Used point accuracy enhancement value: 64.00%.
                         Acceleration mode: CPU
                         PBA fill limit: 99.00% (inverse)
29/Apr/2024 19:15:55     current system memory usage reached 70%

29/Apr/2024 19:16:21  Boundary conditions: 
                      
                        YZsymmetry: none
                        XZsymmetry: none
                        XYsymmetry: none
                      
                        Xmin: expanded open, 4 Layer, depth 15.0318 mm
                        Xmax: expanded open, 4 Layer, depth 15.0318 mm
                      
                        Ymin: expanded open, 4 Layer, depth 15.0318 mm
                        Ymax: expanded open, 4 Layer, depth 15.0318 mm
                      
                        Zmin: expanded open, 4 Layer, depth 15.0451 mm
                        Zmax: expanded open, 4 Layer, depth 15.0198 mm
                      
                        PML-Type: Convolution PML
                      
                      ------------------------------------------------------------------------------
29/Apr/2024 19:16:21  Frequency settings: 
                      
                        Fmin:         2
                        Fmax:         7
                        Nfsteps(lin): 1001
                      
                      ------------------------------------------------------------------------------
29/Apr/2024 19:16:21  Field update statistics:
                      
                        Number of components in total: 	584017
                        Number of lossy metal components:	15416
                        Number of disp. elements:		52646
                      
                      Subcycling state:      Automatically deactivated
                      
                      ------------------------------------------------------------------------------
29/Apr/2024 19:16:21  Port: 1
                      
29/Apr/2024 19:16:21    Discrete element, reference impedance = 50 Ohm
                      
                      ------------------------------------------------------------------------------
29/Apr/2024 19:16:41  
                      --------------------------------------------------------------------------------
29/Apr/2024 19:16:41  Steady state energy criterion met, solver finished successfully.
                      
                      ------------------------------------------------------------------------------
29/Apr/2024 19:16:41  Frequency domain results normalized to default signal.
                      
                      
                      ------------------------------------------------------------------------------
29/Apr/2024 19:16:41  
                        ----------------------------------------------------------------------------
                                            Peak memory used (kB)         Free physical memory (kB) 
                                                                          At begin     Minimum      
                        ----------------------------------------------------------------------------
                        CAD preparation     42524                         1063300      1063300      
                        Matrices calc.      143732                        1036132      912109       
                        Solver run total    104064                        1112240      912328       
                        ----------------------------------------------------------------------------
                      
                      --------------------------------------------------------------------------------
                      Solver Statistics:
                      
                        Hardware:
                           Computer name:                 	MAZZSHAIKH07BA 
                      
                           Number of CPU threads:               4
                           Hardware info:                  	Hardware Accelerator Device not activated
                      
                        Number of mesh cells:             	93600
                        Excitation duration:              	1.42181950e+000 ns 
                        Calculation time for excitation:  	4 	s
                        Number of calculated pulse widths:	4.02885 
                        Steady state accuracy limit:      	-40	dB 
                        Simulated number of time steps:   	4674 
                        Maximum number of time steps:     	23202 
                        Time step width:
                           without subcycles:             	1.225567150e-003 ns
                           used:                          	1.225567150e-003 ns
                      
                        CAD preparation time:             	1      	s
                        Matrix calculation time:          	23 	s
                        Solver setup time:                	5 	s
                        Solver loop time:                 	16 	s
                        Solver post-processing time:      	0 	s
                                                          	------------
                        Total solver time:                	45 	s
                      
                      ------------------------------------------------------------------------------
29/Apr/2024 19:16:41  
                        Adaptive port meshing time:          	0      	s
                        Total solver time (all cycles):      	45     	s
                        Solver initialization and clean-up:  	2      	s
                                                             	------------
                        Total simulation time:               	47     	s
                      
                      ------------------------------------------------------------------------------
29/Apr/2024 19:16:41  Solver finished at: 07:16 PM Monday, 29. April 2024
                      
                      
                      
                      ------------------------------------------------------------------------------
29/Apr/2024 19:16:43  Creating parametric 1D results for Run ID 1
                      
                      ------------------------------------------------------------------------------
