Unknown:
C:\VCO-transmitter\Antenna\trial_files\trial\Result\farfield (f=1)2D_1.ffp
C:\VCO-transmitter\Antenna\trial_files\trial\Result\farfield (f=1)_1.fme
C:\VCO-transmitter\Antenna\trial_files\trial\Result\farfield (f=3)2D_1.ffp
C:\VCO-transmitter\Antenna\trial_files\trial\Result\farfield (f=3)_1.fme
C:\VCO-transmitter\Antenna\trial_files\trial\Result\farfield (f=5)_1.fme
C:\VCO-transmitter\Antenna\trial_files\trial\Result\ff_2d_plot_cache.dat
C:\VCO-transmitter\Antenna\trial_files\trial\Result\hardware_resources.sconf
C:\VCO-transmitter\Antenna\trial_files\trial\Result\Hex.gap
C:\VCO-transmitter\Antenna\trial_files\trial\Result\MCalc.ddi
C:\VCO-transmitter\Antenna\trial_files\trial\Result\MCalc.log
C:\VCO-transmitter\Antenna\trial_files\trial\Result\MCalc^Diagnostics.log
C:\VCO-transmitter\Antenna\trial_files\trial\Result\ml_info.log
C:\VCO-transmitter\Antenna\trial_files\trial\Result\Model.axg
C:\VCO-transmitter\Antenna\trial_files\trial\Result\Model.coco
C:\VCO-transmitter\Antenna\trial_files\trial\Result\Model.ddi
C:\VCO-transmitter\Antenna\trial_files\trial\Result\Model.elg
C:\VCO-transmitter\Antenna\trial_files\trial\Result\Model.log
C:\VCO-transmitter\Antenna\trial_files\trial\Result\Model.sa
C:\VCO-transmitter\Antenna\trial_files\trial\Result\Model.sam
C:\VCO-transmitter\Antenna\trial_files\trial\Result\ModelPBA.axg
C:\VCO-transmitter\Antenna\trial_files\trial\Result\Model_1.sam
C:\VCO-transmitter\Antenna\trial_files\trial\Result\Model_m1.sam
C:\VCO-transmitter\Antenna\trial_files\trial\Result\m^fifx.dsc
C:\VCO-transmitter\Antenna\trial_files\trial\Result\m^fqq.dsc
C:\VCO-transmitter\Antenna\trial_files\trial\Result\Ports.web
C:\VCO-transmitter\Antenna\trial_files\trial\Result\PP-MCalc.log
C:\VCO-transmitter\Antenna\trial_files\trial\Result\PP-Prio.log
C:\VCO-transmitter\Antenna\trial_files\trial\Result\p^a.dsc
C:\VCO-transmitter\Antenna\trial_files\trial\Result\P^m^fb.slog
C:\VCO-transmitter\Antenna\trial_files\trial\Result\P^m^fbqq.slog
C:\VCO-transmitter\Antenna\trial_files\trial\Result\P^m^fqq.slog
C:\VCO-transmitter\Antenna\trial_files\trial\Result\P^p^m.slog
C:\VCO-transmitter\Antenna\trial_files\trial\Result\P^s^pm.slog
Mesh:
C:\VCO-transmitter\Antenna\trial_files\trial\Result\dA.mat
C:\VCO-transmitter\Antenna\trial_files\trial\Result\dad.mat
C:\VCO-transmitter\Antenna\trial_files\trial\Result\ds.mat
C:\VCO-transmitter\Antenna\trial_files\trial\Result\dsd.mat
C:\VCO-transmitter\Antenna\trial_files\trial\Result\dsMCalc.mat
C:\VCO-transmitter\Antenna\trial_files\trial\Result\Eps.mat
C:\VCO-transmitter\Antenna\trial_files\trial\Result\HexMatrix.m2h
C:\VCO-transmitter\Antenna\trial_files\trial\Result\HexMatrix_MCalc.m2h
C:\VCO-transmitter\Antenna\trial_files\trial\Result\Kappa.mat
C:\VCO-transmitter\Antenna\trial_files\trial\Result\MCalc.fmp
C:\VCO-transmitter\Antenna\trial_files\trial\Result\MCalc.xcfd
C:\VCO-transmitter\Antenna\trial_files\trial\Result\MCalcCCS_c.mson
C:\VCO-transmitter\Antenna\trial_files\trial\Result\Meta.m2h
C:\VCO-transmitter\Antenna\trial_files\trial\Result\Meta.mat
C:\VCO-transmitter\Antenna\trial_files\trial\Result\Model-fmf.msqlite
C:\VCO-transmitter\Antenna\trial_files\trial\Result\Model.cct
C:\VCO-transmitter\Antenna\trial_files\trial\Result\Model.fmf
C:\VCO-transmitter\Antenna\trial_files\trial\Result\Model.fmm
C:\VCO-transmitter\Antenna\trial_files\trial\Result\Model.fpc
C:\VCO-transmitter\Antenna\trial_files\trial\Result\Model.fwf
C:\VCO-transmitter\Antenna\trial_files\trial\Result\Model.sic
C:\VCO-transmitter\Antenna\trial_files\trial\Result\Model.sid
C:\VCO-transmitter\Antenna\trial_files\trial\Result\Model.spi
C:\VCO-transmitter\Antenna\trial_files\trial\Result\Model.xcfd
C:\VCO-transmitter\Antenna\trial_files\trial\Result\Mue.mat
C:\VCO-transmitter\Antenna\trial_files\trial\Result\m^fqq.mem
C:\VCO-transmitter\Antenna\trial_files\trial\Result\p1.spi
C:\VCO-transmitter\Antenna\trial_files\trial\Result\PEC.mat
C:\VCO-transmitter\Antenna\trial_files\trial\Result\Port1.wgi
C:\VCO-transmitter\Antenna\trial_files\trial\Result\p^a.mem
C:\VCO-transmitter\Antenna\trial_files\trial\Result\p^m.mem
C:\VCO-transmitter\Antenna\trial_files\trial\Result\Rho.mat
C:\VCO-transmitter\Antenna\trial_files\trial\Result\S2HMatrix.m2h
C:\VCO-transmitter\Antenna\trial_files\trial\Result\Shapes.con
C:\VCO-transmitter\Antenna\trial_files\trial\Result\s^pm.mem
Port:
C:\VCO-transmitter\Antenna\trial_files\trial\Result\adapt_Port1_e1.prt
C:\VCO-transmitter\Antenna\trial_files\trial\Result\adapt_Port1_e1[3].prt
C:\VCO-transmitter\Antenna\trial_files\trial\Result\adapt_Port1_h1.prt
C:\VCO-transmitter\Antenna\trial_files\trial\Result\adapt_Port1_h1[3].prt
C:\VCO-transmitter\Antenna\trial_files\trial\Result\Model.pmi
C:\VCO-transmitter\Antenna\trial_files\trial\Result\Port1_1[3].m2d
C:\VCO-transmitter\Antenna\trial_files\trial\Result\Port1_drv.m2d
C:\VCO-transmitter\Antenna\trial_files\trial\Result\Port1_e1.prt
C:\VCO-transmitter\Antenna\trial_files\trial\Result\Port1_e1[3].prt
C:\VCO-transmitter\Antenna\trial_files\trial\Result\Port1_h1.prt
C:\VCO-transmitter\Antenna\trial_files\trial\Result\Port1_h1[3].prt
